<?xml version="1.0" encoding="UTF-8"?>
<testng-results ignored="0" total="13" passed="12" failed="1" skipped="0">
  <reporter-output>
  </reporter-output>
  <suite started-at="2025-02-28T18:03:30 IST" name="Default suite" finished-at="2025-02-28T18:03:42 IST" duration-ms="11985">
    <groups>
    </groups>
    <test started-at="2025-02-28T18:03:30 IST" name="Default test" finished-at="2025-02-28T18:03:42 IST" duration-ms="11985">
      <class name="API_automation_SIP.java.Api_TestingDEmo">
        <test-method signature="EmployeeDataByMspin()[pri:1, instance:API_automation_SIP.java.Api_TestingDEmo@9597028]" started-at="2025-02-28T18:03:30 IST" name="EmployeeDataByMspin" finished-at="2025-02-28T18:03:34 IST" duration-ms="3425" status="PASS">
          <reporter-output>
          </reporter-output>
        </test-method> <!-- EmployeeDataByMspin -->
        <test-method signature="getColumnNames()[pri:2, instance:API_automation_SIP.java.Api_TestingDEmo@9597028]" started-at="2025-02-28T18:03:34 IST" name="getColumnNames" finished-at="2025-02-28T18:03:34 IST" duration-ms="616" status="PASS">
          <reporter-output>
          </reporter-output>
        </test-method> <!-- getColumnNames -->
        <test-method signature="getCustomerTAGList()[pri:3, instance:API_automation_SIP.java.Api_TestingDEmo@9597028]" started-at="2025-02-28T18:03:34 IST" name="getCustomerTAGList" finished-at="2025-02-28T18:03:35 IST" duration-ms="497" status="PASS">
          <reporter-output>
          </reporter-output>
        </test-method> <!-- getCustomerTAGList -->
        <test-method signature="getBookingList()[pri:4, instance:API_automation_SIP.java.Api_TestingDEmo@9597028]" started-at="2025-02-28T18:03:35 IST" name="getBookingList" finished-at="2025-02-28T18:03:36 IST" duration-ms="1533" status="PASS">
          <reporter-output>
          </reporter-output>
        </test-method> <!-- getBookingList -->
        <test-method signature="getSubTabs()[pri:5, instance:API_automation_SIP.java.Api_TestingDEmo@9597028]" started-at="2025-02-28T18:03:36 IST" name="getSubTabs" finished-at="2025-02-28T18:03:37 IST" duration-ms="408" status="PASS">
          <reporter-output>
          </reporter-output>
        </test-method> <!-- getSubTabs -->
        <test-method signature="UserLoginData()[pri:6, instance:API_automation_SIP.java.Api_TestingDEmo@9597028]" started-at="2025-02-28T18:03:37 IST" name="UserLoginData" finished-at="2025-02-28T18:03:37 IST" duration-ms="520" status="PASS">
          <reporter-output>
          </reporter-output>
        </test-method> <!-- UserLoginData -->
        <test-method signature="UpdateVehicleStatus()[pri:7, instance:API_automation_SIP.java.Api_TestingDEmo@9597028]" started-at="2025-02-28T18:03:37 IST" name="UpdateVehicleStatus" finished-at="2025-02-28T18:03:38 IST" duration-ms="592" status="PASS">
          <reporter-output>
          </reporter-output>
        </test-method> <!-- UpdateVehicleStatus -->
        <test-method signature="Update_CustomerExpected_Date()[pri:8, instance:API_automation_SIP.java.Api_TestingDEmo@9597028]" started-at="2025-02-28T18:03:38 IST" name="Update_CustomerExpected_Date" finished-at="2025-02-28T18:03:38 IST" duration-ms="561" status="PASS">
          <reporter-output>
          </reporter-output>
        </test-method> <!-- Update_CustomerExpected_Date -->
        <test-method signature="UpdateCustomerTAG()[pri:9, instance:API_automation_SIP.java.Api_TestingDEmo@9597028]" started-at="2025-02-28T18:03:38 IST" name="UpdateCustomerTAG" finished-at="2025-02-28T18:03:39 IST" duration-ms="970" status="PASS">
          <reporter-output>
          </reporter-output>
        </test-method> <!-- UpdateCustomerTAG -->
        <test-method signature="getReceiptDetails()[pri:10, instance:API_automation_SIP.java.Api_TestingDEmo@9597028]" started-at="2025-02-28T18:03:39 IST" name="getReceiptDetails" finished-at="2025-02-28T18:03:40 IST" duration-ms="615" status="PASS">
          <reporter-output>
          </reporter-output>
        </test-method> <!-- getReceiptDetails -->
        <test-method signature="getLoanStatus()[pri:11, instance:API_automation_SIP.java.Api_TestingDEmo@9597028]" started-at="2025-02-28T18:03:40 IST" name="getLoanStatus" finished-at="2025-02-28T18:03:41 IST" duration-ms="871" status="FAIL">
          <exception class="java.lang.AssertionError">
            <message>
              <![CDATA[Expected status code 200 OK, but received: 500 (Internal Server Error) expected [200] but found [500]]]>
            </message>
            <full-stacktrace>
              <![CDATA[java.lang.AssertionError: Expected status code 200 OK, but received: 500 (Internal Server Error) expected [200] but found [500]
at org.testng.Assert.fail(Assert.java:99)
at org.testng.Assert.failNotEquals(Assert.java:1037)
at org.testng.Assert.assertEqualsImpl(Assert.java:140)
at org.testng.Assert.assertEquals(Assert.java:122)
at org.testng.Assert.assertEquals(Assert.java:907)
at API_automation_SIP.java.Api_TestingDEmo.StatusCode(Api_TestingDEmo.java:356)
at API_automation_SIP.java.Api_TestingDEmo.getLoanStatus(Api_TestingDEmo.java:304)
at java.base/jdk.internal.reflect.DirectMethodHandleAccessor.invoke(DirectMethodHandleAccessor.java:103)
at java.base/java.lang.reflect.Method.invoke(Method.java:580)
at org.testng.internal.MethodInvocationHelper.invokeMethod(MethodInvocationHelper.java:133)
at org.testng.internal.TestInvoker.invokeMethod(TestInvoker.java:598)
at org.testng.internal.TestInvoker.invokeTestMethod(TestInvoker.java:173)
at org.testng.internal.MethodRunner.runInSequence(MethodRunner.java:46)
at org.testng.internal.TestInvoker$MethodInvocationAgent.invoke(TestInvoker.java:824)
at org.testng.internal.TestInvoker.invokeTestMethods(TestInvoker.java:146)
at org.testng.internal.TestMethodWorker.invokeTestMethods(TestMethodWorker.java:146)
at org.testng.internal.TestMethodWorker.run(TestMethodWorker.java:128)
at java.base/java.util.ArrayList.forEach(ArrayList.java:1597)
at org.testng.TestRunner.privateRun(TestRunner.java:794)
at org.testng.TestRunner.run(TestRunner.java:596)
at org.testng.SuiteRunner.runTest(SuiteRunner.java:377)
at org.testng.SuiteRunner.runSequentially(SuiteRunner.java:371)
at org.testng.SuiteRunner.privateRun(SuiteRunner.java:332)
at org.testng.SuiteRunner.run(SuiteRunner.java:276)
at org.testng.SuiteRunnerWorker.runSuite(SuiteRunnerWorker.java:53)
at org.testng.SuiteRunnerWorker.run(SuiteRunnerWorker.java:96)
at org.testng.TestNG.runSuitesSequentially(TestNG.java:1212)
at org.testng.TestNG.runSuitesLocally(TestNG.java:1134)
at org.testng.TestNG.runSuites(TestNG.java:1063)
at org.testng.TestNG.run(TestNG.java:1031)
at org.testng.remote.AbstractRemoteTestNG.run(AbstractRemoteTestNG.java:115)
at org.testng.remote.RemoteTestNG.initAndRun(RemoteTestNG.java:293)
at org.testng.remote.RemoteTestNG.main(RemoteTestNG.java:91)
]]>
            </full-stacktrace>
          </exception> <!-- java.lang.AssertionError -->
          <reporter-output>
          </reporter-output>
        </test-method> <!-- getLoanStatus -->
        <test-method signature="getDocumentList()[pri:12, instance:API_automation_SIP.java.Api_TestingDEmo@9597028]" started-at="2025-02-28T18:03:41 IST" name="getDocumentList" finished-at="2025-02-28T18:03:41 IST" duration-ms="553" status="PASS">
          <reporter-output>
          </reporter-output>
        </test-method> <!-- getDocumentList -->
        <test-method signature="getCustomerSVOC()[pri:13, instance:API_automation_SIP.java.Api_TestingDEmo@9597028]" started-at="2025-02-28T18:03:41 IST" name="getCustomerSVOC" finished-at="2025-02-28T18:03:42 IST" duration-ms="714" status="PASS">
          <reporter-output>
          </reporter-output>
        </test-method> <!-- getCustomerSVOC -->
      </class> <!-- API_automation_SIP.java.Api_TestingDEmo -->
    </test> <!-- Default test -->
  </suite> <!-- Default suite -->
</testng-results>
