<?xml version="1.0" encoding="UTF-8"?>
<testng-results ignored="0" total="49" passed="37" failed="12" skipped="0">
  <reporter-output>
  </reporter-output>
  <suite started-at="2025-02-24T14:52:07 IST" name="SIP(Sales-Intrection-Platform)" finished-at="2025-02-24T14:56:17 IST" duration-ms="250276">
    <groups>
    </groups>
    <test started-at="2025-02-24T14:52:07 IST" name="UAT_SIP2" finished-at="2025-02-24T14:56:17 IST" duration-ms="250276">
      <class name="UAT_SIP2.Customer_Tag">
        <test-method signature="Verify_VIP()[pri:6, instance:UAT_SIP2.Customer_Tag@1a5b6f42]" started-at="2025-02-24T14:56:02 IST" name="Verify_VIP" finished-at="2025-02-24T14:56:05 IST" duration-ms="3511" status="PASS">
          <reporter-output>
          </reporter-output>
        </test-method> <!-- Verify_VIP -->
        <test-method is-config="true" signature="sip()[pri:0, instance:UAT_SIP2.Customer_Tag@1a5b6f42]" started-at="2025-02-24T14:56:02 IST" name="sip" finished-at="2025-02-24T14:56:02 IST" duration-ms="0" status="PASS">
          <reporter-output>
          </reporter-output>
        </test-method> <!-- sip -->
        <test-method signature="Verify_Marriage()[pri:7, instance:UAT_SIP2.Customer_Tag@1a5b6f42]" started-at="2025-02-24T14:56:05 IST" name="Verify_Marriage" finished-at="2025-02-24T14:56:08 IST" duration-ms="3176" status="PASS">
          <reporter-output>
          </reporter-output>
        </test-method> <!-- Verify_Marriage -->
        <test-method signature="Verify_Birthday()[pri:8, instance:UAT_SIP2.Customer_Tag@1a5b6f42]" started-at="2025-02-24T14:56:08 IST" name="Verify_Birthday" finished-at="2025-02-24T14:56:11 IST" duration-ms="3262" status="PASS">
          <reporter-output>
          </reporter-output>
        </test-method> <!-- Verify_Birthday -->
        <test-method signature="Verify_Anniversary()[pri:9, instance:UAT_SIP2.Customer_Tag@1a5b6f42]" started-at="2025-02-24T14:56:11 IST" name="Verify_Anniversary" finished-at="2025-02-24T14:56:15 IST" duration-ms="3300" status="PASS">
          <reporter-output>
          </reporter-output>
        </test-method> <!-- Verify_Anniversary -->
        <test-method signature="Verify_Other()[pri:10, instance:UAT_SIP2.Customer_Tag@1a5b6f42]" started-at="2025-02-24T14:56:15 IST" name="Verify_Other" finished-at="2025-02-24T14:56:17 IST" duration-ms="2441" status="PASS">
          <reporter-output>
          </reporter-output>
        </test-method> <!-- Verify_Other -->
      </class> <!-- UAT_SIP2.Customer_Tag -->
      <class name="UAT_SIP2.Tentative_Waiting_and_Final_Delivery_Date">
        <test-method is-config="true" signature="SIP()[pri:0, instance:UAT_SIP2.Tentative_Waiting_and_Final_Delivery_Date@28194a50]" started-at="2025-02-24T14:53:16 IST" name="SIP" finished-at="2025-02-24T14:53:16 IST" duration-ms="0" status="PASS">
          <reporter-output>
          </reporter-output>
        </test-method> <!-- SIP -->
        <test-method signature="Click_On_Pending_Booking()[pri:4, instance:UAT_SIP2.Tentative_Waiting_and_Final_Delivery_Date@28194a50]" started-at="2025-02-24T14:53:16 IST" name="Click_On_Pending_Booking" finished-at="2025-02-24T14:53:18 IST" duration-ms="2102" status="PASS">
          <reporter-output>
          </reporter-output>
        </test-method> <!-- Click_On_Pending_Booking -->
        <test-method signature="Click_Customer()[pri:5, instance:UAT_SIP2.Tentative_Waiting_and_Final_Delivery_Date@28194a50]" started-at="2025-02-24T14:53:18 IST" name="Click_Customer" finished-at="2025-02-24T14:53:30 IST" duration-ms="12207" status="FAIL">
          <exception class="java.lang.AssertionError">
            <message>
              <![CDATA[Test FAILED  n/ ::In (Pending Booking),Vehicle Details is not showing after Open Customer page::]]>
            </message>
            <full-stacktrace>
              <![CDATA[java.lang.AssertionError: Test FAILED  n/ ::In (Pending Booking),Vehicle Details is not showing after Open Customer page::
at org.testng.Assert.fail(Assert.java:99)
at UAT_SIP2.Tentative_Waiting_and_Final_Delivery_Date.Click_Customer(Tentative_Waiting_and_Final_Delivery_Date.java:49)
at java.base/jdk.internal.reflect.DirectMethodHandleAccessor.invoke(DirectMethodHandleAccessor.java:103)
at java.base/java.lang.reflect.Method.invoke(Method.java:580)
at org.testng.internal.MethodInvocationHelper.invokeMethod(MethodInvocationHelper.java:133)
at org.testng.internal.TestInvoker.invokeMethod(TestInvoker.java:598)
at org.testng.internal.TestInvoker.invokeTestMethod(TestInvoker.java:173)
at org.testng.internal.MethodRunner.runInSequence(MethodRunner.java:46)
at org.testng.internal.TestInvoker$MethodInvocationAgent.invoke(TestInvoker.java:824)
at org.testng.internal.TestInvoker.invokeTestMethods(TestInvoker.java:146)
at org.testng.internal.TestMethodWorker.invokeTestMethods(TestMethodWorker.java:146)
at org.testng.internal.TestMethodWorker.run(TestMethodWorker.java:128)
at java.base/java.util.ArrayList.forEach(ArrayList.java:1597)
at org.testng.TestRunner.privateRun(TestRunner.java:794)
at org.testng.TestRunner.run(TestRunner.java:596)
at org.testng.SuiteRunner.runTest(SuiteRunner.java:377)
at org.testng.SuiteRunner.runSequentially(SuiteRunner.java:371)
at org.testng.SuiteRunner.privateRun(SuiteRunner.java:332)
at org.testng.SuiteRunner.run(SuiteRunner.java:276)
at org.testng.SuiteRunnerWorker.runSuite(SuiteRunnerWorker.java:53)
at org.testng.SuiteRunnerWorker.run(SuiteRunnerWorker.java:96)
at org.testng.TestNG.runSuitesSequentially(TestNG.java:1212)
at org.testng.TestNG.runSuitesLocally(TestNG.java:1134)
at org.testng.TestNG.runSuites(TestNG.java:1063)
at org.testng.TestNG.run(TestNG.java:1031)
at org.testng.remote.AbstractRemoteTestNG.run(AbstractRemoteTestNG.java:115)
at org.testng.remote.RemoteTestNG.initAndRun(RemoteTestNG.java:293)
at org.testng.remote.RemoteTestNG.main(RemoteTestNG.java:91)
]]>
            </full-stacktrace>
          </exception> <!-- java.lang.AssertionError -->
          <reporter-output>
          </reporter-output>
        </test-method> <!-- Click_Customer -->
        <test-method signature="Tentative_Waiting_Period_Difference()[pri:6, instance:UAT_SIP2.Tentative_Waiting_and_Final_Delivery_Date@28194a50]" started-at="2025-02-24T14:53:30 IST" name="Tentative_Waiting_Period_Difference" finished-at="2025-02-24T14:53:41 IST" duration-ms="10155" status="FAIL">
          <exception class="java.lang.AssertionError">
            <message>
              <![CDATA[TEST FAILED :: In(Pending Booking),Error occurred while Tentative Waiting Period Difference. Possible LoadTime issue  ::]]>
            </message>
            <full-stacktrace>
              <![CDATA[java.lang.AssertionError: TEST FAILED :: In(Pending Booking),Error occurred while Tentative Waiting Period Difference. Possible LoadTime issue  ::
at org.testng.Assert.fail(Assert.java:99)
at UAT_SIP2.Tentative_Waiting_and_Final_Delivery_Date.Tentative_Waiting_Period_Difference(Tentative_Waiting_and_Final_Delivery_Date.java:89)
at java.base/jdk.internal.reflect.DirectMethodHandleAccessor.invoke(DirectMethodHandleAccessor.java:103)
at java.base/java.lang.reflect.Method.invoke(Method.java:580)
at org.testng.internal.MethodInvocationHelper.invokeMethod(MethodInvocationHelper.java:133)
at org.testng.internal.TestInvoker.invokeMethod(TestInvoker.java:598)
at org.testng.internal.TestInvoker.invokeTestMethod(TestInvoker.java:173)
at org.testng.internal.MethodRunner.runInSequence(MethodRunner.java:46)
at org.testng.internal.TestInvoker$MethodInvocationAgent.invoke(TestInvoker.java:824)
at org.testng.internal.TestInvoker.invokeTestMethods(TestInvoker.java:146)
at org.testng.internal.TestMethodWorker.invokeTestMethods(TestMethodWorker.java:146)
at org.testng.internal.TestMethodWorker.run(TestMethodWorker.java:128)
at java.base/java.util.ArrayList.forEach(ArrayList.java:1597)
at org.testng.TestRunner.privateRun(TestRunner.java:794)
at org.testng.TestRunner.run(TestRunner.java:596)
at org.testng.SuiteRunner.runTest(SuiteRunner.java:377)
at org.testng.SuiteRunner.runSequentially(SuiteRunner.java:371)
at org.testng.SuiteRunner.privateRun(SuiteRunner.java:332)
at org.testng.SuiteRunner.run(SuiteRunner.java:276)
at org.testng.SuiteRunnerWorker.runSuite(SuiteRunnerWorker.java:53)
at org.testng.SuiteRunnerWorker.run(SuiteRunnerWorker.java:96)
at org.testng.TestNG.runSuitesSequentially(TestNG.java:1212)
at org.testng.TestNG.runSuitesLocally(TestNG.java:1134)
at org.testng.TestNG.runSuites(TestNG.java:1063)
at org.testng.TestNG.run(TestNG.java:1031)
at org.testng.remote.AbstractRemoteTestNG.run(AbstractRemoteTestNG.java:115)
at org.testng.remote.RemoteTestNG.initAndRun(RemoteTestNG.java:293)
at org.testng.remote.RemoteTestNG.main(RemoteTestNG.java:91)
]]>
            </full-stacktrace>
          </exception> <!-- java.lang.AssertionError -->
          <reporter-output>
          </reporter-output>
        </test-method> <!-- Tentative_Waiting_Period_Difference -->
        <test-method signature="Edit_Final_Delivery_Date()[pri:7, instance:UAT_SIP2.Tentative_Waiting_and_Final_Delivery_Date@28194a50]" started-at="2025-02-24T14:53:41 IST" name="Edit_Final_Delivery_Date" finished-at="2025-02-24T14:53:53 IST" duration-ms="12130" status="FAIL">
          <exception class="java.lang.AssertionError">
            <message>
              <![CDATA[TEST FAILED :: In(Pending Booking),Error occurred while editing final delivery date. Possible LoadTime issue ]]>
            </message>
            <full-stacktrace>
              <![CDATA[java.lang.AssertionError: TEST FAILED :: In(Pending Booking),Error occurred while editing final delivery date. Possible LoadTime issue 
at org.testng.Assert.fail(Assert.java:99)
at UAT_SIP2.Tentative_Waiting_and_Final_Delivery_Date.Edit_Final_Delivery_Date(Tentative_Waiting_and_Final_Delivery_Date.java:129)
at java.base/jdk.internal.reflect.DirectMethodHandleAccessor.invoke(DirectMethodHandleAccessor.java:103)
at java.base/java.lang.reflect.Method.invoke(Method.java:580)
at org.testng.internal.MethodInvocationHelper.invokeMethod(MethodInvocationHelper.java:133)
at org.testng.internal.TestInvoker.invokeMethod(TestInvoker.java:598)
at org.testng.internal.TestInvoker.invokeTestMethod(TestInvoker.java:173)
at org.testng.internal.MethodRunner.runInSequence(MethodRunner.java:46)
at org.testng.internal.TestInvoker$MethodInvocationAgent.invoke(TestInvoker.java:824)
at org.testng.internal.TestInvoker.invokeTestMethods(TestInvoker.java:146)
at org.testng.internal.TestMethodWorker.invokeTestMethods(TestMethodWorker.java:146)
at org.testng.internal.TestMethodWorker.run(TestMethodWorker.java:128)
at java.base/java.util.ArrayList.forEach(ArrayList.java:1597)
at org.testng.TestRunner.privateRun(TestRunner.java:794)
at org.testng.TestRunner.run(TestRunner.java:596)
at org.testng.SuiteRunner.runTest(SuiteRunner.java:377)
at org.testng.SuiteRunner.runSequentially(SuiteRunner.java:371)
at org.testng.SuiteRunner.privateRun(SuiteRunner.java:332)
at org.testng.SuiteRunner.run(SuiteRunner.java:276)
at org.testng.SuiteRunnerWorker.runSuite(SuiteRunnerWorker.java:53)
at org.testng.SuiteRunnerWorker.run(SuiteRunnerWorker.java:96)
at org.testng.TestNG.runSuitesSequentially(TestNG.java:1212)
at org.testng.TestNG.runSuitesLocally(TestNG.java:1134)
at org.testng.TestNG.runSuites(TestNG.java:1063)
at org.testng.TestNG.run(TestNG.java:1031)
at org.testng.remote.AbstractRemoteTestNG.run(AbstractRemoteTestNG.java:115)
at org.testng.remote.RemoteTestNG.initAndRun(RemoteTestNG.java:293)
at org.testng.remote.RemoteTestNG.main(RemoteTestNG.java:91)
]]>
            </full-stacktrace>
          </exception> <!-- java.lang.AssertionError -->
          <reporter-output>
          </reporter-output>
        </test-method> <!-- Edit_Final_Delivery_Date -->
      </class> <!-- UAT_SIP2.Tentative_Waiting_and_Final_Delivery_Date -->
      <class name="UAT_SIP2.Customer_Query">
        <test-method is-config="true" signature="sip()[pri:0, instance:UAT_SIP2.Customer_Query@7f2cfe3f]" started-at="2025-02-24T14:53:53 IST" name="sip" finished-at="2025-02-24T14:53:53 IST" duration-ms="2" status="PASS">
          <reporter-output>
          </reporter-output>
        </test-method> <!-- sip -->
        <test-method signature="Product_Query_Flow()[pri:6, instance:UAT_SIP2.Customer_Query@7f2cfe3f]" started-at="2025-02-24T14:53:53 IST" name="Product_Query_Flow" finished-at="2025-02-24T14:54:04 IST" duration-ms="11620" status="PASS">
          <reporter-output>
          </reporter-output>
        </test-method> <!-- Product_Query_Flow -->
        <test-method signature="Validate_Product_Query()[pri:7, instance:UAT_SIP2.Customer_Query@7f2cfe3f]" started-at="2025-02-24T14:54:04 IST" name="Validate_Product_Query" finished-at="2025-02-24T14:54:06 IST" duration-ms="1519" status="PASS">
          <reporter-output>
          </reporter-output>
        </test-method> <!-- Validate_Product_Query -->
        <test-method signature="Payment_Query_Flow()[pri:8, instance:UAT_SIP2.Customer_Query@7f2cfe3f]" started-at="2025-02-24T14:54:06 IST" name="Payment_Query_Flow" finished-at="2025-02-24T14:54:17 IST" duration-ms="11202" status="PASS">
          <reporter-output>
          </reporter-output>
        </test-method> <!-- Payment_Query_Flow -->
        <test-method signature="Validate_Payment_Query()[pri:9, instance:UAT_SIP2.Customer_Query@7f2cfe3f]" started-at="2025-02-24T14:54:17 IST" name="Validate_Payment_Query" finished-at="2025-02-24T14:54:19 IST" duration-ms="1522" status="PASS">
          <reporter-output>
          </reporter-output>
        </test-method> <!-- Validate_Payment_Query -->
        <test-method signature="Extended_Warranty_Payment_Query()[pri:10, instance:UAT_SIP2.Customer_Query@7f2cfe3f]" started-at="2025-02-24T14:54:19 IST" name="Extended_Warranty_Payment_Query" finished-at="2025-02-24T14:54:20 IST" duration-ms="1533" status="PASS">
          <reporter-output>
          </reporter-output>
        </test-method> <!-- Extended_Warranty_Payment_Query -->
        <test-method signature="Extended_Warranty_Query_Flow()[pri:10, instance:UAT_SIP2.Customer_Query@7f2cfe3f]" started-at="2025-02-24T14:54:20 IST" name="Extended_Warranty_Query_Flow" finished-at="2025-02-24T14:54:31 IST" duration-ms="11186" status="PASS">
          <reporter-output>
          </reporter-output>
        </test-method> <!-- Extended_Warranty_Query_Flow -->
        <test-method signature="Maruti_Insurance_Query_Flow()[pri:11, instance:UAT_SIP2.Customer_Query@7f2cfe3f]" started-at="2025-02-24T14:54:31 IST" name="Maruti_Insurance_Query_Flow" finished-at="2025-02-24T14:54:43 IST" duration-ms="11452" status="PASS">
          <reporter-output>
          </reporter-output>
        </test-method> <!-- Maruti_Insurance_Query_Flow -->
        <test-method signature="Maruti_Insurance_Query()[pri:12, instance:UAT_SIP2.Customer_Query@7f2cfe3f]" started-at="2025-02-24T14:54:43 IST" name="Maruti_Insurance_Query" finished-at="2025-02-24T14:54:44 IST" duration-ms="1517" status="PASS">
          <reporter-output>
          </reporter-output>
        </test-method> <!-- Maruti_Insurance_Query -->
        <test-method signature="Loyalty_Card_Query_Flow()[pri:13, instance:UAT_SIP2.Customer_Query@7f2cfe3f]" started-at="2025-02-24T14:54:44 IST" name="Loyalty_Card_Query_Flow" finished-at="2025-02-24T14:54:56 IST" duration-ms="11396" status="PASS">
          <reporter-output>
          </reporter-output>
        </test-method> <!-- Loyalty_Card_Query_Flow -->
        <test-method signature="Loyalty_Card_Query()[pri:14, instance:UAT_SIP2.Customer_Query@7f2cfe3f]" started-at="2025-02-24T14:54:56 IST" name="Loyalty_Card_Query" finished-at="2025-02-24T14:54:57 IST" duration-ms="1517" status="PASS">
          <reporter-output>
          </reporter-output>
        </test-method> <!-- Loyalty_Card_Query -->
        <test-method signature="True_Value_Query_Flow()[pri:15, instance:UAT_SIP2.Customer_Query@7f2cfe3f]" started-at="2025-02-24T14:54:57 IST" name="True_Value_Query_Flow" finished-at="2025-02-24T14:55:08 IST" duration-ms="11208" status="PASS">
          <reporter-output>
          </reporter-output>
        </test-method> <!-- True_Value_Query_Flow -->
        <test-method signature="True_Value_Query()[pri:16, instance:UAT_SIP2.Customer_Query@7f2cfe3f]" started-at="2025-02-24T14:55:08 IST" name="True_Value_Query" finished-at="2025-02-24T14:55:10 IST" duration-ms="1541" status="PASS">
          <reporter-output>
          </reporter-output>
        </test-method> <!-- True_Value_Query -->
        <test-method signature="Delivery_Query_Flow()[pri:17, instance:UAT_SIP2.Customer_Query@7f2cfe3f]" started-at="2025-02-24T14:55:10 IST" name="Delivery_Query_Flow" finished-at="2025-02-24T14:55:21 IST" duration-ms="11262" status="PASS">
          <reporter-output>
          </reporter-output>
        </test-method> <!-- Delivery_Query_Flow -->
        <test-method signature="Delivery_Query()[pri:18, instance:UAT_SIP2.Customer_Query@7f2cfe3f]" started-at="2025-02-24T14:55:21 IST" name="Delivery_Query" finished-at="2025-02-24T14:55:23 IST" duration-ms="1532" status="PASS">
          <reporter-output>
          </reporter-output>
        </test-method> <!-- Delivery_Query -->
        <test-method signature="MSGA_Flow()[pri:19, instance:UAT_SIP2.Customer_Query@7f2cfe3f]" started-at="2025-02-24T14:55:23 IST" name="MSGA_Flow" finished-at="2025-02-24T14:55:34 IST" duration-ms="11425" status="PASS">
          <reporter-output>
          </reporter-output>
        </test-method> <!-- MSGA_Flow -->
        <test-method signature="MSGA_Query()[pri:20, instance:UAT_SIP2.Customer_Query@7f2cfe3f]" started-at="2025-02-24T14:55:34 IST" name="MSGA_Query" finished-at="2025-02-24T14:55:36 IST" duration-ms="1532" status="PASS">
          <reporter-output>
          </reporter-output>
        </test-method> <!-- MSGA_Query -->
        <test-method signature="Booking_Amendment_Flow()[pri:21, instance:UAT_SIP2.Customer_Query@7f2cfe3f]" started-at="2025-02-24T14:55:36 IST" name="Booking_Amendment_Flow" finished-at="2025-02-24T14:55:47 IST" duration-ms="11348" status="PASS">
          <reporter-output>
          </reporter-output>
        </test-method> <!-- Booking_Amendment_Flow -->
        <test-method signature="Booking_Amendment_Query()[pri:22, instance:UAT_SIP2.Customer_Query@7f2cfe3f]" started-at="2025-02-24T14:55:47 IST" name="Booking_Amendment_Query" finished-at="2025-02-24T14:55:49 IST" duration-ms="1536" status="PASS">
          <reporter-output>
          </reporter-output>
        </test-method> <!-- Booking_Amendment_Query -->
        <test-method signature="Others_Flow()[pri:23, instance:UAT_SIP2.Customer_Query@7f2cfe3f]" started-at="2025-02-24T14:55:49 IST" name="Others_Flow" finished-at="2025-02-24T14:56:00 IST" duration-ms="11385" status="PASS">
          <reporter-output>
          </reporter-output>
        </test-method> <!-- Others_Flow -->
        <test-method signature="Others_Query()[pri:24, instance:UAT_SIP2.Customer_Query@7f2cfe3f]" started-at="2025-02-24T14:56:00 IST" name="Others_Query" finished-at="2025-02-24T14:56:02 IST" duration-ms="1525" status="PASS">
          <reporter-output>
          </reporter-output>
        </test-method> <!-- Others_Query -->
      </class> <!-- UAT_SIP2.Customer_Query -->
      <class name="UAT_SIP2.Cancelled_Booking_Sorting">
        <test-method signature="Click_On_Cancelled_Booking()[pri:5, instance:UAT_SIP2.Cancelled_Booking_Sorting@6cc4cdb9]" started-at="2025-02-24T14:52:51 IST" name="Click_On_Cancelled_Booking" finished-at="2025-02-24T14:52:53 IST" duration-ms="2124" status="PASS">
          <reporter-output>
          </reporter-output>
        </test-method> <!-- Click_On_Cancelled_Booking -->
        <test-method is-config="true" signature="SIP()[pri:0, instance:UAT_SIP2.Cancelled_Booking_Sorting@6cc4cdb9]" started-at="2025-02-24T14:52:51 IST" name="SIP" finished-at="2025-02-24T14:52:51 IST" duration-ms="0" status="PASS">
          <reporter-output>
          </reporter-output>
        </test-method> <!-- SIP -->
        <test-method signature="Click_On_Items_Per_Page()[pri:6, instance:UAT_SIP2.Cancelled_Booking_Sorting@6cc4cdb9]" started-at="2025-02-24T14:52:53 IST" name="Click_On_Items_Per_Page" finished-at="2025-02-24T14:52:53 IST" duration-ms="162" status="PASS">
          <reporter-output>
          </reporter-output>
        </test-method> <!-- Click_On_Items_Per_Page -->
        <test-method signature="Sale_Executive_Name_Sorting()[pri:7, instance:UAT_SIP2.Cancelled_Booking_Sorting@6cc4cdb9]" started-at="2025-02-24T14:52:53 IST" name="Sale_Executive_Name_Sorting" finished-at="2025-02-24T14:52:57 IST" duration-ms="3410" status="FAIL">
          <exception class="java.lang.AssertionError">
            <message>
              <![CDATA[(Cancelled-Booking) Total Count of Sales Executive Name In Lowercase: 16
The following Sales Executive Name are not in uppercase: Manish Sharma, Manish Sharma, Manish Sharma, Manish Sharma, Rakesh Kumawat, Rakesh Kumawat, Rakesh Kumawat, Rakesh Kumawat, Rakesh Kumawat, Somya Sharma Sharma, Sumer Singh, Zaid Qureshi, Zaid Qureshi, Zaid Qureshi, Zaid Qureshi, Zaid Qureshi]]>
            </message>
            <full-stacktrace>
              <![CDATA[java.lang.AssertionError: (Cancelled-Booking) Total Count of Sales Executive Name In Lowercase: 16
The following Sales Executive Name are not in uppercase: Manish Sharma, Manish Sharma, Manish Sharma, Manish Sharma, Rakesh Kumawat, Rakesh Kumawat, Rakesh Kumawat, Rakesh Kumawat, Rakesh Kumawat, Somya Sharma Sharma, Sumer Singh, Zaid Qureshi, Zaid Qureshi, Zaid Qureshi, Zaid Qureshi, Zaid Qureshi
at org.testng.Assert.fail(Assert.java:99)
at UAT_SIP2.Cancelled_Booking_Sorting.Sale_Executive_Name_Sorting(Cancelled_Booking_Sorting.java:79)
at java.base/jdk.internal.reflect.DirectMethodHandleAccessor.invoke(DirectMethodHandleAccessor.java:103)
at java.base/java.lang.reflect.Method.invoke(Method.java:580)
at org.testng.internal.MethodInvocationHelper.invokeMethod(MethodInvocationHelper.java:133)
at org.testng.internal.TestInvoker.invokeMethod(TestInvoker.java:598)
at org.testng.internal.TestInvoker.invokeTestMethod(TestInvoker.java:173)
at org.testng.internal.MethodRunner.runInSequence(MethodRunner.java:46)
at org.testng.internal.TestInvoker$MethodInvocationAgent.invoke(TestInvoker.java:824)
at org.testng.internal.TestInvoker.invokeTestMethods(TestInvoker.java:146)
at org.testng.internal.TestMethodWorker.invokeTestMethods(TestMethodWorker.java:146)
at org.testng.internal.TestMethodWorker.run(TestMethodWorker.java:128)
at java.base/java.util.ArrayList.forEach(ArrayList.java:1597)
at org.testng.TestRunner.privateRun(TestRunner.java:794)
at org.testng.TestRunner.run(TestRunner.java:596)
at org.testng.SuiteRunner.runTest(SuiteRunner.java:377)
at org.testng.SuiteRunner.runSequentially(SuiteRunner.java:371)
at org.testng.SuiteRunner.privateRun(SuiteRunner.java:332)
at org.testng.SuiteRunner.run(SuiteRunner.java:276)
at org.testng.SuiteRunnerWorker.runSuite(SuiteRunnerWorker.java:53)
at org.testng.SuiteRunnerWorker.run(SuiteRunnerWorker.java:96)
at org.testng.TestNG.runSuitesSequentially(TestNG.java:1212)
at org.testng.TestNG.runSuitesLocally(TestNG.java:1134)
at org.testng.TestNG.runSuites(TestNG.java:1063)
at org.testng.TestNG.run(TestNG.java:1031)
at org.testng.remote.AbstractRemoteTestNG.run(AbstractRemoteTestNG.java:115)
at org.testng.remote.RemoteTestNG.initAndRun(RemoteTestNG.java:293)
at org.testng.remote.RemoteTestNG.main(RemoteTestNG.java:91)
]]>
            </full-stacktrace>
          </exception> <!-- java.lang.AssertionError -->
          <reporter-output>
          </reporter-output>
        </test-method> <!-- Sale_Executive_Name_Sorting -->
        <test-method signature="Cutomer_Name_Sorting()[pri:8, instance:UAT_SIP2.Cancelled_Booking_Sorting@6cc4cdb9]" started-at="2025-02-24T14:52:57 IST" name="Cutomer_Name_Sorting" finished-at="2025-02-24T14:53:00 IST" duration-ms="3410" status="FAIL">
          <exception class="java.lang.AssertionError">
            <message>
              <![CDATA[(Cancelled-Booking) Total Count of customers name In Lowercase: 1
The following customers name are not in uppercase: shnakr SINGH]]>
            </message>
            <full-stacktrace>
              <![CDATA[java.lang.AssertionError: (Cancelled-Booking) Total Count of customers name In Lowercase: 1
The following customers name are not in uppercase: shnakr SINGH
at org.testng.Assert.fail(Assert.java:99)
at UAT_SIP2.Cancelled_Booking_Sorting.Cutomer_Name_Sorting(Cancelled_Booking_Sorting.java:116)
at java.base/jdk.internal.reflect.DirectMethodHandleAccessor.invoke(DirectMethodHandleAccessor.java:103)
at java.base/java.lang.reflect.Method.invoke(Method.java:580)
at org.testng.internal.MethodInvocationHelper.invokeMethod(MethodInvocationHelper.java:133)
at org.testng.internal.TestInvoker.invokeMethod(TestInvoker.java:598)
at org.testng.internal.TestInvoker.invokeTestMethod(TestInvoker.java:173)
at org.testng.internal.MethodRunner.runInSequence(MethodRunner.java:46)
at org.testng.internal.TestInvoker$MethodInvocationAgent.invoke(TestInvoker.java:824)
at org.testng.internal.TestInvoker.invokeTestMethods(TestInvoker.java:146)
at org.testng.internal.TestMethodWorker.invokeTestMethods(TestMethodWorker.java:146)
at org.testng.internal.TestMethodWorker.run(TestMethodWorker.java:128)
at java.base/java.util.ArrayList.forEach(ArrayList.java:1597)
at org.testng.TestRunner.privateRun(TestRunner.java:794)
at org.testng.TestRunner.run(TestRunner.java:596)
at org.testng.SuiteRunner.runTest(SuiteRunner.java:377)
at org.testng.SuiteRunner.runSequentially(SuiteRunner.java:371)
at org.testng.SuiteRunner.privateRun(SuiteRunner.java:332)
at org.testng.SuiteRunner.run(SuiteRunner.java:276)
at org.testng.SuiteRunnerWorker.runSuite(SuiteRunnerWorker.java:53)
at org.testng.SuiteRunnerWorker.run(SuiteRunnerWorker.java:96)
at org.testng.TestNG.runSuitesSequentially(TestNG.java:1212)
at org.testng.TestNG.runSuitesLocally(TestNG.java:1134)
at org.testng.TestNG.runSuites(TestNG.java:1063)
at org.testng.TestNG.run(TestNG.java:1031)
at org.testng.remote.AbstractRemoteTestNG.run(AbstractRemoteTestNG.java:115)
at org.testng.remote.RemoteTestNG.initAndRun(RemoteTestNG.java:293)
at org.testng.remote.RemoteTestNG.main(RemoteTestNG.java:91)
]]>
            </full-stacktrace>
          </exception> <!-- java.lang.AssertionError -->
          <reporter-output>
          </reporter-output>
        </test-method> <!-- Cutomer_Name_Sorting -->
        <test-method signature="verify_Booking_Date_Sorting()[pri:9, instance:UAT_SIP2.Cancelled_Booking_Sorting@6cc4cdb9]" started-at="2025-02-24T14:53:00 IST" name="verify_Booking_Date_Sorting" finished-at="2025-02-24T14:53:03 IST" duration-ms="2242" status="FAIL">
          <exception class="org.openqa.selenium.ElementClickInterceptedException">
            <message>
              <![CDATA[element click intercepted: Element <div class="mat-sort-header-content ng-tns-c1267148319-5">...</div> is not clickable at point (315, 82). Other element would receive the click: <div _ngcontent-ng-c3730288547="" class="loader ng-star-inserted">...</div>
  (Session info: chrome=133.0.6943.127)
Build info: version: '4.21.0', revision: '79ed462ef4'
System info: os.name: 'Windows 11', os.arch: 'amd64', os.version: '10.0', java.version: '22.0.1'
Driver info: org.openqa.selenium.chrome.ChromeDriver
Command: [8a0dd6559b231aab6fd519eb6fdc62bc, clickElement {id=f.041B020A6FD7C98365857CDFDDF26ED1.d.E71D30CB75E0800057FAB5D04AFFB208.e.290}]
Capabilities {acceptInsecureCerts: false, browserName: chrome, browserVersion: 133.0.6943.127, chrome: {chromedriverVersion: 133.0.6943.126 (cffa127ce7b..., userDataDir: C:\Users\AA\AppData\Local\T...}, fedcm:accounts: true, goog:chromeOptions: {debuggerAddress: localhost:56677}, networkConnectionEnabled: false, pageLoadStrategy: normal, platformName: windows, proxy: Proxy(), se:cdp: ws://localhost:56677/devtoo..., se:cdpVersion: 133.0.6943.127, setWindowRect: true, strictFileInteractability: false, timeouts: {implicit: 0, pageLoad: 300000, script: 30000}, unhandledPromptBehavior: dismiss and notify, webauthn:extension:credBlob: true, webauthn:extension:largeBlob: true, webauthn:extension:minPinLength: true, webauthn:extension:prf: true, webauthn:virtualAuthenticators: true}
Element: [[ChromeDriver: chrome on windows (8a0dd6559b231aab6fd519eb6fdc62bc)] -> xpath: //*[text()="Booking Date"]]
Session ID: 8a0dd6559b231aab6fd519eb6fdc62bc]]>
            </message>
            <full-stacktrace>
              <![CDATA[org.openqa.selenium.ElementClickInterceptedException: element click intercepted: Element <div class="mat-sort-header-content ng-tns-c1267148319-5">...</div> is not clickable at point (315, 82). Other element would receive the click: <div _ngcontent-ng-c3730288547="" class="loader ng-star-inserted">...</div>
  (Session info: chrome=133.0.6943.127)
Build info: version: '4.21.0', revision: '79ed462ef4'
System info: os.name: 'Windows 11', os.arch: 'amd64', os.version: '10.0', java.version: '22.0.1'
Driver info: org.openqa.selenium.chrome.ChromeDriver
Command: [8a0dd6559b231aab6fd519eb6fdc62bc, clickElement {id=f.041B020A6FD7C98365857CDFDDF26ED1.d.E71D30CB75E0800057FAB5D04AFFB208.e.290}]
Capabilities {acceptInsecureCerts: false, browserName: chrome, browserVersion: 133.0.6943.127, chrome: {chromedriverVersion: 133.0.6943.126 (cffa127ce7b..., userDataDir: C:\Users\AA\AppData\Local\T...}, fedcm:accounts: true, goog:chromeOptions: {debuggerAddress: localhost:56677}, networkConnectionEnabled: false, pageLoadStrategy: normal, platformName: windows, proxy: Proxy(), se:cdp: ws://localhost:56677/devtoo..., se:cdpVersion: 133.0.6943.127, setWindowRect: true, strictFileInteractability: false, timeouts: {implicit: 0, pageLoad: 300000, script: 30000}, unhandledPromptBehavior: dismiss and notify, webauthn:extension:credBlob: true, webauthn:extension:largeBlob: true, webauthn:extension:minPinLength: true, webauthn:extension:prf: true, webauthn:virtualAuthenticators: true}
Element: [[ChromeDriver: chrome on windows (8a0dd6559b231aab6fd519eb6fdc62bc)] -> xpath: //*[text()="Booking Date"]]
Session ID: 8a0dd6559b231aab6fd519eb6fdc62bc
at java.base/jdk.internal.reflect.DirectConstructorHandleAccessor.newInstance(DirectConstructorHandleAccessor.java:62)
at java.base/java.lang.reflect.Constructor.newInstanceWithCaller(Constructor.java:502)
at java.base/java.lang.reflect.Constructor.newInstance(Constructor.java:486)
at org.openqa.selenium.remote.ErrorCodec.decode(ErrorCodec.java:167)
at org.openqa.selenium.remote.codec.w3c.W3CHttpResponseCodec.decode(W3CHttpResponseCodec.java:138)
at org.openqa.selenium.remote.codec.w3c.W3CHttpResponseCodec.decode(W3CHttpResponseCodec.java:50)
at org.openqa.selenium.remote.HttpCommandExecutor.execute(HttpCommandExecutor.java:190)
at org.openqa.selenium.remote.service.DriverCommandExecutor.invokeExecute(DriverCommandExecutor.java:216)
at org.openqa.selenium.remote.service.DriverCommandExecutor.execute(DriverCommandExecutor.java:174)
at org.openqa.selenium.remote.RemoteWebDriver.execute(RemoteWebDriver.java:518)
at org.openqa.selenium.remote.RemoteWebElement.execute(RemoteWebElement.java:223)
at org.openqa.selenium.remote.RemoteWebElement.click(RemoteWebElement.java:76)
at UAT_SIP2.Cancelled_Booking_Sorting.verify_Booking_Date_Sorting(Cancelled_Booking_Sorting.java:133)
at java.base/jdk.internal.reflect.DirectMethodHandleAccessor.invoke(DirectMethodHandleAccessor.java:103)
at java.base/java.lang.reflect.Method.invoke(Method.java:580)
at org.testng.internal.MethodInvocationHelper.invokeMethod(MethodInvocationHelper.java:133)
at org.testng.internal.TestInvoker.invokeMethod(TestInvoker.java:598)
at org.testng.internal.TestInvoker.invokeTestMethod(TestInvoker.java:173)
at org.testng.internal.MethodRunner.runInSequence(MethodRunner.java:46)
at org.testng.internal.TestInvoker$MethodInvocationAgent.invoke(TestInvoker.java:824)
at org.testng.internal.TestInvoker.invokeTestMethods(TestInvoker.java:146)
at org.testng.internal.TestMethodWorker.invokeTestMethods(TestMethodWorker.java:146)
at org.testng.internal.TestMethodWorker.run(TestMethodWorker.java:128)
at java.base/java.util.ArrayList.forEach(ArrayList.java:1597)
at org.testng.TestRunner.privateRun(TestRunner.java:794)
at org.testng.TestRunner.run(TestRunner.java:596)
at org.testng.SuiteRunner.runTest(SuiteRunner.java:377)
at org.testng.SuiteRunner.runSequentially(SuiteRunner.java:371)
at org.testng.SuiteRunner.privateRun(SuiteRunner.java:332)
at org.testng.SuiteRunner.run(SuiteRunner.java:276)
at org.testng.SuiteRunnerWorker.runSuite(SuiteRunnerWorker.java:53)
at org.testng.SuiteRunnerWorker.run(SuiteRunnerWorker.java:96)
at org.testng.TestNG.runSuitesSequentially(TestNG.java:1212)
at org.testng.TestNG.runSuitesLocally(TestNG.java:1134)
at org.testng.TestNG.runSuites(TestNG.java:1063)
at org.testng.TestNG.run(TestNG.java:1031)
at org.testng.remote.AbstractRemoteTestNG.run(AbstractRemoteTestNG.java:115)
at org.testng.remote.RemoteTestNG.initAndRun(RemoteTestNG.java:293)
at org.testng.remote.RemoteTestNG.main(RemoteTestNG.java:91)
]]>
            </full-stacktrace>
          </exception> <!-- org.openqa.selenium.ElementClickInterceptedException -->
          <reporter-output>
          </reporter-output>
        </test-method> <!-- verify_Booking_Date_Sorting -->
        <test-method signature="Model_Name_Sorting()[pri:10, instance:UAT_SIP2.Cancelled_Booking_Sorting@6cc4cdb9]" started-at="2025-02-24T14:53:03 IST" name="Model_Name_Sorting" finished-at="2025-02-24T14:53:06 IST" duration-ms="3371" status="FAIL">
          <exception class="java.lang.AssertionError">
            <message>
              <![CDATA[(Cancelled-Booking) Total Count of Model name In Lowercase: 29
The following Model name are not in uppercase: Dazzling New Dzire, Dazzling New Dzire, Dazzling New Dzire, Dazzling New Dzire, Dazzling New Dzire, Dazzling New Dzire, Epic New Swift, Epic New Swift, Epic New Swift, Epic New Swift, Epic New Swift, Epic New Swift, Epic New Swift, Epic New Swift, Epic New Swift, Epic New Swift, Epic New Swift, Epic New Swift, Epic New Swift, Epic New Swift, Epic New Swift, Epic New Swift, Epic New Swift, Epic New Swift, WagonR, WagonR, WagonR, WagonR, WagonR]]>
            </message>
            <full-stacktrace>
              <![CDATA[java.lang.AssertionError: (Cancelled-Booking) Total Count of Model name In Lowercase: 29
The following Model name are not in uppercase: Dazzling New Dzire, Dazzling New Dzire, Dazzling New Dzire, Dazzling New Dzire, Dazzling New Dzire, Dazzling New Dzire, Epic New Swift, Epic New Swift, Epic New Swift, Epic New Swift, Epic New Swift, Epic New Swift, Epic New Swift, Epic New Swift, Epic New Swift, Epic New Swift, Epic New Swift, Epic New Swift, Epic New Swift, Epic New Swift, Epic New Swift, Epic New Swift, Epic New Swift, Epic New Swift, WagonR, WagonR, WagonR, WagonR, WagonR
at org.testng.Assert.fail(Assert.java:99)
at UAT_SIP2.Cancelled_Booking_Sorting.Model_Name_Sorting(Cancelled_Booking_Sorting.java:176)
at java.base/jdk.internal.reflect.DirectMethodHandleAccessor.invoke(DirectMethodHandleAccessor.java:103)
at java.base/java.lang.reflect.Method.invoke(Method.java:580)
at org.testng.internal.MethodInvocationHelper.invokeMethod(MethodInvocationHelper.java:133)
at org.testng.internal.TestInvoker.invokeMethod(TestInvoker.java:598)
at org.testng.internal.TestInvoker.invokeTestMethod(TestInvoker.java:173)
at org.testng.internal.MethodRunner.runInSequence(MethodRunner.java:46)
at org.testng.internal.TestInvoker$MethodInvocationAgent.invoke(TestInvoker.java:824)
at org.testng.internal.TestInvoker.invokeTestMethods(TestInvoker.java:146)
at org.testng.internal.TestMethodWorker.invokeTestMethods(TestMethodWorker.java:146)
at org.testng.internal.TestMethodWorker.run(TestMethodWorker.java:128)
at java.base/java.util.ArrayList.forEach(ArrayList.java:1597)
at org.testng.TestRunner.privateRun(TestRunner.java:794)
at org.testng.TestRunner.run(TestRunner.java:596)
at org.testng.SuiteRunner.runTest(SuiteRunner.java:377)
at org.testng.SuiteRunner.runSequentially(SuiteRunner.java:371)
at org.testng.SuiteRunner.privateRun(SuiteRunner.java:332)
at org.testng.SuiteRunner.run(SuiteRunner.java:276)
at org.testng.SuiteRunnerWorker.runSuite(SuiteRunnerWorker.java:53)
at org.testng.SuiteRunnerWorker.run(SuiteRunnerWorker.java:96)
at org.testng.TestNG.runSuitesSequentially(TestNG.java:1212)
at org.testng.TestNG.runSuitesLocally(TestNG.java:1134)
at org.testng.TestNG.runSuites(TestNG.java:1063)
at org.testng.TestNG.run(TestNG.java:1031)
at org.testng.remote.AbstractRemoteTestNG.run(AbstractRemoteTestNG.java:115)
at org.testng.remote.RemoteTestNG.initAndRun(RemoteTestNG.java:293)
at org.testng.remote.RemoteTestNG.main(RemoteTestNG.java:91)
]]>
            </full-stacktrace>
          </exception> <!-- java.lang.AssertionError -->
          <reporter-output>
          </reporter-output>
        </test-method> <!-- Model_Name_Sorting -->
        <test-method signature="Varient_Sorting()[pri:11, instance:UAT_SIP2.Cancelled_Booking_Sorting@6cc4cdb9]" started-at="2025-02-24T14:53:06 IST" name="Varient_Sorting" finished-at="2025-02-24T14:53:09 IST" duration-ms="3377" status="FAIL">
          <exception class="java.lang.AssertionError">
            <message>
              <![CDATA[Sorting failed (Cancelled-Booking) in Varient: Lists differ at element [0]: MARUTI ALTO K10 LXI 1L 5MT != MARUTI WAGON R VXI CNG 1L 5MT expected [MARUTI ALTO K10 LXI 1L 5MT] but found [MARUTI WAGON R VXI CNG 1L 5MT]]]>
            </message>
            <full-stacktrace>
              <![CDATA[java.lang.AssertionError: Sorting failed (Cancelled-Booking) in Varient: Lists differ at element [0]: MARUTI ALTO K10 LXI 1L 5MT != MARUTI WAGON R VXI CNG 1L 5MT expected [MARUTI ALTO K10 LXI 1L 5MT] but found [MARUTI WAGON R VXI CNG 1L 5MT]
at org.testng.Assert.fail(Assert.java:99)
at org.testng.Assert.failNotEquals(Assert.java:1037)
at org.testng.Assert.assertEqualsImpl(Assert.java:140)
at org.testng.Assert.assertEquals(Assert.java:1103)
at UAT_SIP2.Cancelled_Booking_Sorting.Varient_Sorting(Cancelled_Booking_Sorting.java:219)
at java.base/jdk.internal.reflect.DirectMethodHandleAccessor.invoke(DirectMethodHandleAccessor.java:103)
at java.base/java.lang.reflect.Method.invoke(Method.java:580)
at org.testng.internal.MethodInvocationHelper.invokeMethod(MethodInvocationHelper.java:133)
at org.testng.internal.TestInvoker.invokeMethod(TestInvoker.java:598)
at org.testng.internal.TestInvoker.invokeTestMethod(TestInvoker.java:173)
at org.testng.internal.MethodRunner.runInSequence(MethodRunner.java:46)
at org.testng.internal.TestInvoker$MethodInvocationAgent.invoke(TestInvoker.java:824)
at org.testng.internal.TestInvoker.invokeTestMethods(TestInvoker.java:146)
at org.testng.internal.TestMethodWorker.invokeTestMethods(TestMethodWorker.java:146)
at org.testng.internal.TestMethodWorker.run(TestMethodWorker.java:128)
at java.base/java.util.ArrayList.forEach(ArrayList.java:1597)
at org.testng.TestRunner.privateRun(TestRunner.java:794)
at org.testng.TestRunner.run(TestRunner.java:596)
at org.testng.SuiteRunner.runTest(SuiteRunner.java:377)
at org.testng.SuiteRunner.runSequentially(SuiteRunner.java:371)
at org.testng.SuiteRunner.privateRun(SuiteRunner.java:332)
at org.testng.SuiteRunner.run(SuiteRunner.java:276)
at org.testng.SuiteRunnerWorker.runSuite(SuiteRunnerWorker.java:53)
at org.testng.SuiteRunnerWorker.run(SuiteRunnerWorker.java:96)
at org.testng.TestNG.runSuitesSequentially(TestNG.java:1212)
at org.testng.TestNG.runSuitesLocally(TestNG.java:1134)
at org.testng.TestNG.runSuites(TestNG.java:1063)
at org.testng.TestNG.run(TestNG.java:1031)
at org.testng.remote.AbstractRemoteTestNG.run(AbstractRemoteTestNG.java:115)
at org.testng.remote.RemoteTestNG.initAndRun(RemoteTestNG.java:293)
at org.testng.remote.RemoteTestNG.main(RemoteTestNG.java:91)
]]>
            </full-stacktrace>
          </exception> <!-- java.lang.AssertionError -->
          <reporter-output>
          </reporter-output>
        </test-method> <!-- Varient_Sorting -->
        <test-method signature="Colour_Sorting()[pri:12, instance:UAT_SIP2.Cancelled_Booking_Sorting@6cc4cdb9]" started-at="2025-02-24T14:53:09 IST" name="Colour_Sorting" finished-at="2025-02-24T14:53:13 IST" duration-ms="3325" status="PASS">
          <reporter-output>
          </reporter-output>
        </test-method> <!-- Colour_Sorting -->
        <test-method signature="Booking_ID_Sorting()[pri:13, instance:UAT_SIP2.Cancelled_Booking_Sorting@6cc4cdb9]" started-at="2025-02-24T14:53:13 IST" name="Booking_ID_Sorting" finished-at="2025-02-24T14:53:16 IST" duration-ms="3465" status="PASS">
          <reporter-output>
          </reporter-output>
        </test-method> <!-- Booking_ID_Sorting -->
      </class> <!-- UAT_SIP2.Cancelled_Booking_Sorting -->
      <class name="UAT_SIP2.Pending_Booking_Sorting">
        <test-method is-config="true" signature="setup()[pri:0, instance:UAT_SIP2.Pending_Booking_Sorting@2438dcd]" started-at="2025-02-24T14:52:07 IST" name="setup" finished-at="2025-02-24T14:52:11 IST" duration-ms="4496" status="PASS">
          <reporter-output>
          </reporter-output>
        </test-method> <!-- setup -->
        <test-method is-config="true" signature="SIP()[pri:0, instance:UAT_SIP2.Pending_Booking_Sorting@2438dcd]" started-at="2025-02-24T14:52:11 IST" name="SIP" finished-at="2025-02-24T14:52:11 IST" duration-ms="1" status="PASS">
          <reporter-output>
          </reporter-output>
        </test-method> <!-- SIP -->
        <test-method signature="Dealer_User_Login1()[pri:1, instance:UAT_SIP2.Pending_Booking_Sorting@2438dcd]" started-at="2025-02-24T14:52:11 IST" name="Dealer_User_Login1" finished-at="2025-02-24T14:52:16 IST" duration-ms="4596" status="PASS">
          <reporter-output>
          </reporter-output>
        </test-method> <!-- Dealer_User_Login1 -->
        <test-method signature="Click_On_SIP()[pri:2, instance:UAT_SIP2.Pending_Booking_Sorting@2438dcd]" started-at="2025-02-24T14:52:16 IST" name="Click_On_SIP" finished-at="2025-02-24T14:52:21 IST" duration-ms="5110" status="PASS">
          <reporter-output>
          </reporter-output>
        </test-method> <!-- Click_On_SIP -->
        <test-method signature="Click_On_Additional_Fillter_To_Clear_Data()[pri:4, instance:UAT_SIP2.Pending_Booking_Sorting@2438dcd]" started-at="2025-02-24T14:52:21 IST" name="Click_On_Additional_Fillter_To_Clear_Data" finished-at="2025-02-24T14:52:28 IST" duration-ms="6311" status="PASS">
          <reporter-output>
          </reporter-output>
        </test-method> <!-- Click_On_Additional_Fillter_To_Clear_Data -->
        <test-method signature="Click_On_Items_Per_Page()[pri:5, instance:UAT_SIP2.Pending_Booking_Sorting@2438dcd]" started-at="2025-02-24T14:52:28 IST" name="Click_On_Items_Per_Page" finished-at="2025-02-24T14:52:28 IST" duration-ms="178" status="PASS">
          <reporter-output>
          </reporter-output>
        </test-method> <!-- Click_On_Items_Per_Page -->
        <test-method signature="Sale_Executive_Name_Sorting()[pri:6, instance:UAT_SIP2.Pending_Booking_Sorting@2438dcd]" started-at="2025-02-24T14:52:28 IST" name="Sale_Executive_Name_Sorting" finished-at="2025-02-24T14:52:31 IST" duration-ms="3565" status="FAIL">
          <exception class="java.lang.AssertionError">
            <message>
              <![CDATA[(Pending-Booking) Total Count of Sales Executive Name In Lowercase: 16
The following Sales Executive Name are not in uppercase: Manish Sharma, Manish Sharma, Manish Sharma, Manish Sharma, Rakesh Kumawat, Rakesh Kumawat, Rakesh Kumawat, Rakesh Kumawat, Rakesh Kumawat, Somya Sharma Sharma, Sumer Singh, Zaid Qureshi, Zaid Qureshi, Zaid Qureshi, Zaid Qureshi, Zaid Qureshi]]>
            </message>
            <full-stacktrace>
              <![CDATA[java.lang.AssertionError: (Pending-Booking) Total Count of Sales Executive Name In Lowercase: 16
The following Sales Executive Name are not in uppercase: Manish Sharma, Manish Sharma, Manish Sharma, Manish Sharma, Rakesh Kumawat, Rakesh Kumawat, Rakesh Kumawat, Rakesh Kumawat, Rakesh Kumawat, Somya Sharma Sharma, Sumer Singh, Zaid Qureshi, Zaid Qureshi, Zaid Qureshi, Zaid Qureshi, Zaid Qureshi
at org.testng.Assert.fail(Assert.java:99)
at UAT_SIP2.Pending_Booking_Sorting.Sale_Executive_Name_Sorting(Pending_Booking_Sorting.java:104)
at java.base/jdk.internal.reflect.DirectMethodHandleAccessor.invoke(DirectMethodHandleAccessor.java:103)
at java.base/java.lang.reflect.Method.invoke(Method.java:580)
at org.testng.internal.MethodInvocationHelper.invokeMethod(MethodInvocationHelper.java:133)
at org.testng.internal.TestInvoker.invokeMethod(TestInvoker.java:598)
at org.testng.internal.TestInvoker.invokeTestMethod(TestInvoker.java:173)
at org.testng.internal.MethodRunner.runInSequence(MethodRunner.java:46)
at org.testng.internal.TestInvoker$MethodInvocationAgent.invoke(TestInvoker.java:824)
at org.testng.internal.TestInvoker.invokeTestMethods(TestInvoker.java:146)
at org.testng.internal.TestMethodWorker.invokeTestMethods(TestMethodWorker.java:146)
at org.testng.internal.TestMethodWorker.run(TestMethodWorker.java:128)
at java.base/java.util.ArrayList.forEach(ArrayList.java:1597)
at org.testng.TestRunner.privateRun(TestRunner.java:794)
at org.testng.TestRunner.run(TestRunner.java:596)
at org.testng.SuiteRunner.runTest(SuiteRunner.java:377)
at org.testng.SuiteRunner.runSequentially(SuiteRunner.java:371)
at org.testng.SuiteRunner.privateRun(SuiteRunner.java:332)
at org.testng.SuiteRunner.run(SuiteRunner.java:276)
at org.testng.SuiteRunnerWorker.runSuite(SuiteRunnerWorker.java:53)
at org.testng.SuiteRunnerWorker.run(SuiteRunnerWorker.java:96)
at org.testng.TestNG.runSuitesSequentially(TestNG.java:1212)
at org.testng.TestNG.runSuitesLocally(TestNG.java:1134)
at org.testng.TestNG.runSuites(TestNG.java:1063)
at org.testng.TestNG.run(TestNG.java:1031)
at org.testng.remote.AbstractRemoteTestNG.run(AbstractRemoteTestNG.java:115)
at org.testng.remote.RemoteTestNG.initAndRun(RemoteTestNG.java:293)
at org.testng.remote.RemoteTestNG.main(RemoteTestNG.java:91)
]]>
            </full-stacktrace>
          </exception> <!-- java.lang.AssertionError -->
          <reporter-output>
          </reporter-output>
        </test-method> <!-- Sale_Executive_Name_Sorting -->
        <test-method signature="Cutomer_Name_Sorting()[pri:7, instance:UAT_SIP2.Pending_Booking_Sorting@2438dcd]" started-at="2025-02-24T14:52:31 IST" name="Cutomer_Name_Sorting" finished-at="2025-02-24T14:52:35 IST" duration-ms="3477" status="FAIL">
          <exception class="java.lang.AssertionError">
            <message>
              <![CDATA[(Pending-Booking)Total Count of customers name In Lowercase: 1
The following customers name are not in uppercase: shnakr SINGH]]>
            </message>
            <full-stacktrace>
              <![CDATA[java.lang.AssertionError: (Pending-Booking)Total Count of customers name In Lowercase: 1
The following customers name are not in uppercase: shnakr SINGH
at org.testng.Assert.fail(Assert.java:99)
at UAT_SIP2.Pending_Booking_Sorting.Cutomer_Name_Sorting(Pending_Booking_Sorting.java:141)
at java.base/jdk.internal.reflect.DirectMethodHandleAccessor.invoke(DirectMethodHandleAccessor.java:103)
at java.base/java.lang.reflect.Method.invoke(Method.java:580)
at org.testng.internal.MethodInvocationHelper.invokeMethod(MethodInvocationHelper.java:133)
at org.testng.internal.TestInvoker.invokeMethod(TestInvoker.java:598)
at org.testng.internal.TestInvoker.invokeTestMethod(TestInvoker.java:173)
at org.testng.internal.MethodRunner.runInSequence(MethodRunner.java:46)
at org.testng.internal.TestInvoker$MethodInvocationAgent.invoke(TestInvoker.java:824)
at org.testng.internal.TestInvoker.invokeTestMethods(TestInvoker.java:146)
at org.testng.internal.TestMethodWorker.invokeTestMethods(TestMethodWorker.java:146)
at org.testng.internal.TestMethodWorker.run(TestMethodWorker.java:128)
at java.base/java.util.ArrayList.forEach(ArrayList.java:1597)
at org.testng.TestRunner.privateRun(TestRunner.java:794)
at org.testng.TestRunner.run(TestRunner.java:596)
at org.testng.SuiteRunner.runTest(SuiteRunner.java:377)
at org.testng.SuiteRunner.runSequentially(SuiteRunner.java:371)
at org.testng.SuiteRunner.privateRun(SuiteRunner.java:332)
at org.testng.SuiteRunner.run(SuiteRunner.java:276)
at org.testng.SuiteRunnerWorker.runSuite(SuiteRunnerWorker.java:53)
at org.testng.SuiteRunnerWorker.run(SuiteRunnerWorker.java:96)
at org.testng.TestNG.runSuitesSequentially(TestNG.java:1212)
at org.testng.TestNG.runSuitesLocally(TestNG.java:1134)
at org.testng.TestNG.runSuites(TestNG.java:1063)
at org.testng.TestNG.run(TestNG.java:1031)
at org.testng.remote.AbstractRemoteTestNG.run(AbstractRemoteTestNG.java:115)
at org.testng.remote.RemoteTestNG.initAndRun(RemoteTestNG.java:293)
at org.testng.remote.RemoteTestNG.main(RemoteTestNG.java:91)
]]>
            </full-stacktrace>
          </exception> <!-- java.lang.AssertionError -->
          <reporter-output>
          </reporter-output>
        </test-method> <!-- Cutomer_Name_Sorting -->
        <test-method signature="verify_Booking_Date_Sorting()[pri:8, instance:UAT_SIP2.Pending_Booking_Sorting@2438dcd]" started-at="2025-02-24T14:52:35 IST" name="verify_Booking_Date_Sorting" finished-at="2025-02-24T14:52:37 IST" duration-ms="2618" status="PASS">
          <reporter-output>
          </reporter-output>
        </test-method> <!-- verify_Booking_Date_Sorting -->
        <test-method signature="Model_Name_Sorting()[pri:9, instance:UAT_SIP2.Pending_Booking_Sorting@2438dcd]" started-at="2025-02-24T14:52:37 IST" name="Model_Name_Sorting" finished-at="2025-02-24T14:52:41 IST" duration-ms="3458" status="FAIL">
          <exception class="java.lang.AssertionError">
            <message>
              <![CDATA[(Pending-Booking) Total Count of Model name In Lowercase: 29
The following Model name are not in uppercase: Dazzling New Dzire, Dazzling New Dzire, Dazzling New Dzire, Dazzling New Dzire, Dazzling New Dzire, Dazzling New Dzire, Epic New Swift, Epic New Swift, Epic New Swift, Epic New Swift, Epic New Swift, Epic New Swift, Epic New Swift, Epic New Swift, Epic New Swift, Epic New Swift, Epic New Swift, Epic New Swift, Epic New Swift, Epic New Swift, Epic New Swift, Epic New Swift, Epic New Swift, Epic New Swift, WagonR, WagonR, WagonR, WagonR, WagonR]]>
            </message>
            <full-stacktrace>
              <![CDATA[java.lang.AssertionError: (Pending-Booking) Total Count of Model name In Lowercase: 29
The following Model name are not in uppercase: Dazzling New Dzire, Dazzling New Dzire, Dazzling New Dzire, Dazzling New Dzire, Dazzling New Dzire, Dazzling New Dzire, Epic New Swift, Epic New Swift, Epic New Swift, Epic New Swift, Epic New Swift, Epic New Swift, Epic New Swift, Epic New Swift, Epic New Swift, Epic New Swift, Epic New Swift, Epic New Swift, Epic New Swift, Epic New Swift, Epic New Swift, Epic New Swift, Epic New Swift, Epic New Swift, WagonR, WagonR, WagonR, WagonR, WagonR
at org.testng.Assert.fail(Assert.java:99)
at UAT_SIP2.Pending_Booking_Sorting.Model_Name_Sorting(Pending_Booking_Sorting.java:201)
at java.base/jdk.internal.reflect.DirectMethodHandleAccessor.invoke(DirectMethodHandleAccessor.java:103)
at java.base/java.lang.reflect.Method.invoke(Method.java:580)
at org.testng.internal.MethodInvocationHelper.invokeMethod(MethodInvocationHelper.java:133)
at org.testng.internal.TestInvoker.invokeMethod(TestInvoker.java:598)
at org.testng.internal.TestInvoker.invokeTestMethod(TestInvoker.java:173)
at org.testng.internal.MethodRunner.runInSequence(MethodRunner.java:46)
at org.testng.internal.TestInvoker$MethodInvocationAgent.invoke(TestInvoker.java:824)
at org.testng.internal.TestInvoker.invokeTestMethods(TestInvoker.java:146)
at org.testng.internal.TestMethodWorker.invokeTestMethods(TestMethodWorker.java:146)
at org.testng.internal.TestMethodWorker.run(TestMethodWorker.java:128)
at java.base/java.util.ArrayList.forEach(ArrayList.java:1597)
at org.testng.TestRunner.privateRun(TestRunner.java:794)
at org.testng.TestRunner.run(TestRunner.java:596)
at org.testng.SuiteRunner.runTest(SuiteRunner.java:377)
at org.testng.SuiteRunner.runSequentially(SuiteRunner.java:371)
at org.testng.SuiteRunner.privateRun(SuiteRunner.java:332)
at org.testng.SuiteRunner.run(SuiteRunner.java:276)
at org.testng.SuiteRunnerWorker.runSuite(SuiteRunnerWorker.java:53)
at org.testng.SuiteRunnerWorker.run(SuiteRunnerWorker.java:96)
at org.testng.TestNG.runSuitesSequentially(TestNG.java:1212)
at org.testng.TestNG.runSuitesLocally(TestNG.java:1134)
at org.testng.TestNG.runSuites(TestNG.java:1063)
at org.testng.TestNG.run(TestNG.java:1031)
at org.testng.remote.AbstractRemoteTestNG.run(AbstractRemoteTestNG.java:115)
at org.testng.remote.RemoteTestNG.initAndRun(RemoteTestNG.java:293)
at org.testng.remote.RemoteTestNG.main(RemoteTestNG.java:91)
]]>
            </full-stacktrace>
          </exception> <!-- java.lang.AssertionError -->
          <reporter-output>
          </reporter-output>
        </test-method> <!-- Model_Name_Sorting -->
        <test-method signature="Varient_Sorting()[pri:10, instance:UAT_SIP2.Pending_Booking_Sorting@2438dcd]" started-at="2025-02-24T14:52:41 IST" name="Varient_Sorting" finished-at="2025-02-24T14:52:44 IST" duration-ms="3434" status="FAIL">
          <exception class="java.lang.AssertionError">
            <message>
              <![CDATA[Sorting failed (Pending-Booking) in Varient: Lists differ at element [0]: MARUTI ALTO K10 LXI 1L 5MT != MARUTI EECO 5 STR AC (O) CNG 1.2L 5MT expected [MARUTI ALTO K10 LXI 1L 5MT] but found [MARUTI EECO 5 STR AC (O) CNG 1.2L 5MT]]]>
            </message>
            <full-stacktrace>
              <![CDATA[java.lang.AssertionError: Sorting failed (Pending-Booking) in Varient: Lists differ at element [0]: MARUTI ALTO K10 LXI 1L 5MT != MARUTI EECO 5 STR AC (O) CNG 1.2L 5MT expected [MARUTI ALTO K10 LXI 1L 5MT] but found [MARUTI EECO 5 STR AC (O) CNG 1.2L 5MT]
at org.testng.Assert.fail(Assert.java:99)
at org.testng.Assert.failNotEquals(Assert.java:1037)
at org.testng.Assert.assertEqualsImpl(Assert.java:140)
at org.testng.Assert.assertEquals(Assert.java:1103)
at UAT_SIP2.Pending_Booking_Sorting.Varient_Sorting(Pending_Booking_Sorting.java:244)
at java.base/jdk.internal.reflect.DirectMethodHandleAccessor.invoke(DirectMethodHandleAccessor.java:103)
at java.base/java.lang.reflect.Method.invoke(Method.java:580)
at org.testng.internal.MethodInvocationHelper.invokeMethod(MethodInvocationHelper.java:133)
at org.testng.internal.TestInvoker.invokeMethod(TestInvoker.java:598)
at org.testng.internal.TestInvoker.invokeTestMethod(TestInvoker.java:173)
at org.testng.internal.MethodRunner.runInSequence(MethodRunner.java:46)
at org.testng.internal.TestInvoker$MethodInvocationAgent.invoke(TestInvoker.java:824)
at org.testng.internal.TestInvoker.invokeTestMethods(TestInvoker.java:146)
at org.testng.internal.TestMethodWorker.invokeTestMethods(TestMethodWorker.java:146)
at org.testng.internal.TestMethodWorker.run(TestMethodWorker.java:128)
at java.base/java.util.ArrayList.forEach(ArrayList.java:1597)
at org.testng.TestRunner.privateRun(TestRunner.java:794)
at org.testng.TestRunner.run(TestRunner.java:596)
at org.testng.SuiteRunner.runTest(SuiteRunner.java:377)
at org.testng.SuiteRunner.runSequentially(SuiteRunner.java:371)
at org.testng.SuiteRunner.privateRun(SuiteRunner.java:332)
at org.testng.SuiteRunner.run(SuiteRunner.java:276)
at org.testng.SuiteRunnerWorker.runSuite(SuiteRunnerWorker.java:53)
at org.testng.SuiteRunnerWorker.run(SuiteRunnerWorker.java:96)
at org.testng.TestNG.runSuitesSequentially(TestNG.java:1212)
at org.testng.TestNG.runSuitesLocally(TestNG.java:1134)
at org.testng.TestNG.runSuites(TestNG.java:1063)
at org.testng.TestNG.run(TestNG.java:1031)
at org.testng.remote.AbstractRemoteTestNG.run(AbstractRemoteTestNG.java:115)
at org.testng.remote.RemoteTestNG.initAndRun(RemoteTestNG.java:293)
at org.testng.remote.RemoteTestNG.main(RemoteTestNG.java:91)
]]>
            </full-stacktrace>
          </exception> <!-- java.lang.AssertionError -->
          <reporter-output>
          </reporter-output>
        </test-method> <!-- Varient_Sorting -->
        <test-method signature="Colour_Sorting()[pri:11, instance:UAT_SIP2.Pending_Booking_Sorting@2438dcd]" started-at="2025-02-24T14:52:44 IST" name="Colour_Sorting" finished-at="2025-02-24T14:52:48 IST" duration-ms="3406" status="PASS">
          <reporter-output>
          </reporter-output>
        </test-method> <!-- Colour_Sorting -->
        <test-method signature="Booking_ID_Sorting()[pri:12, instance:UAT_SIP2.Pending_Booking_Sorting@2438dcd]" started-at="2025-02-24T14:52:48 IST" name="Booking_ID_Sorting" finished-at="2025-02-24T14:52:51 IST" duration-ms="3484" status="PASS">
          <reporter-output>
          </reporter-output>
        </test-method> <!-- Booking_ID_Sorting -->
      </class> <!-- UAT_SIP2.Pending_Booking_Sorting -->
    </test> <!-- UAT_SIP2 -->
  </suite> <!-- SIP(Sales-Intrection-Platform) -->
</testng-results>
