<?xml version="1.0" encoding="UTF-8"?>
<!-- Generated by org.testng.reporters.JUnitXMLReporter -->
<testsuite ignored="0" hostname="DESKTOP-7SBKKJ1" failures="7" tests="71" name="UAT_SIP2" time="298.945" errors="0" timestamp="2025-02-28T12:25:24 IST">
  <testcase classname="UAT_SIP2.Dealer_User_Login" name="Dealer_User_Login1" time="4.607"/>
  <testcase classname="UAT_SIP2.Dealer_User_Login" name="Click_On_SIP" time="6.619"/>
  <testcase classname="UAT_SIP2.Additional_Fillter" name="Click_On_Additional_Fillter_To_Clear_Data" time="1.362"/>
  <testcase classname="UAT_SIP2.Additional_Fillter" name="Verify_Booking_Date_Fillter" time="6.658"/>
  <testcase classname="UAT_SIP2.Additional_Fillter" name="Verify_MODEL_Fillter" time="5.742"/>
  <testcase classname="UAT_SIP2.Additional_Fillter" name="Verify_Varient_Fillter" time="5.699"/>
  <testcase classname="UAT_SIP2.Additional_Fillter" name="Verify_Booking_Amount_Fillter" time="5.674"/>
  <testcase classname="UAT_SIP2.Additional_Fillter" name="Verify_Sales_Executive_NAME_Fillter" time="5.566"/>
  <testcase classname="UAT_SIP2.Additional_Fillter" name="Verify_Tentative_DeliveryDATE_Fillter" time="6.315"/>
  <testcase classname="UAT_SIP2.Additional_Fillter" name="Close_Additional_Fillter" time="0.184"/>
  <testcase classname="UAT_SIP2.Pending_Booking_Sorting" name="Click_On_Items_Per_Page" time="0.173"/>
  <testcase classname="UAT_SIP2.Pending_Booking_Sorting" name="Sale_Executive_Name_Sorting" time="4.148">
    <failure type="java.lang.AssertionError" message="(Pending-Booking) Total Count of Sales Executive Name In Lowercase: 23
The following Sales Executive Name are not in uppercase: Ajeet Yadav, Ajeet Yadav, Ajeet Yadav, Ajeet Yadav, Manish Sharma, Manish Sharma, Manish Sharma, Manish Sharma, Manish Sharma, Rakesh Kumawat, Rakesh Kumawat, Rakesh Kumawat, Rakesh Kumawat, Rakesh Kumawat, Rakesh Kumawat, Rakesh Kumawat, Somya Sharma Sharma, Somya Sharma Sharma, Sunil Kumar Verma, Zaid Qureshi, Zaid Qureshi, Zaid Qureshi, Zaid Qureshi">
      <![CDATA[java.lang.AssertionError: (Pending-Booking) Total Count of Sales Executive Name In Lowercase: 23
The following Sales Executive Name are not in uppercase: Ajeet Yadav, Ajeet Yadav, Ajeet Yadav, Ajeet Yadav, Manish Sharma, Manish Sharma, Manish Sharma, Manish Sharma, Manish Sharma, Rakesh Kumawat, Rakesh Kumawat, Rakesh Kumawat, Rakesh Kumawat, Rakesh Kumawat, Rakesh Kumawat, Rakesh Kumawat, Somya Sharma Sharma, Somya Sharma Sharma, Sunil Kumar Verma, Zaid Qureshi, Zaid Qureshi, Zaid Qureshi, Zaid Qureshi
at UAT_SIP2.Pending_Booking_Sorting.Sale_Executive_Name_Sorting(Pending_Booking_Sorting.java:72)
at java.base/java.util.ArrayList.forEach(ArrayList.java:1597)
... Removed 26 stack frames]]>
    </failure>
  </testcase> <!-- Sale_Executive_Name_Sorting -->
  <testcase classname="UAT_SIP2.Pending_Booking_Sorting" name="Cutomer_Name_Sorting" time="4.105">
    <failure type="java.lang.AssertionError" message="(Pending-Booking)Total Count of customers name In Lowercase: 6
The following customers name are not in uppercase: BHANWARI Lal, DILIP kumar, Dinesh kumar, Shri Chand Dotasara, anil kumar, sandeep Dixit">
      <![CDATA[java.lang.AssertionError: (Pending-Booking)Total Count of customers name In Lowercase: 6
The following customers name are not in uppercase: BHANWARI Lal, DILIP kumar, Dinesh kumar, Shri Chand Dotasara, anil kumar, sandeep Dixit
at UAT_SIP2.Pending_Booking_Sorting.Cutomer_Name_Sorting(Pending_Booking_Sorting.java:109)
at java.base/java.util.ArrayList.forEach(ArrayList.java:1597)
... Removed 26 stack frames]]>
    </failure>
  </testcase> <!-- Cutomer_Name_Sorting -->
  <testcase classname="UAT_SIP2.Pending_Booking_Sorting" name="verify_Booking_Date_Sorting" time="3.224"/>
  <testcase classname="UAT_SIP2.Pending_Booking_Sorting" name="Model_Name_Sorting" time="4.123">
    <failure type="java.lang.AssertionError" message="(Pending-Booking) Total Count of Model name In Lowercase: 50
The following Model name are not in uppercase: Dazzling New Dzire, Dazzling New Dzire, Dazzling New Dzire, Dazzling New Dzire, Dazzling New Dzire, Dazzling New Dzire, Dazzling New Dzire, Dazzling New Dzire, Dazzling New Dzire, Dazzling New Dzire, Dazzling New Dzire, Dazzling New Dzire, Dazzling New Dzire, Dazzling New Dzire, Dazzling New Dzire, Dazzling New Dzire, Dazzling New Dzire, Dazzling New Dzire, Dazzling New Dzire, Dazzling New Dzire, Dazzling New Dzire, Dazzling New Dzire, Dazzling New Dzire, Dazzling New Dzire, Dazzling New Dzire, Epic New Swift, Epic New Swift, Epic New Swift, Epic New Swift, Epic New Swift, Epic New Swift, Epic New Swift, Epic New Swift, Epic New Swift, Epic New Swift, Epic New Swift, Epic New Swift, Epic New Swift, Epic New Swift, Epic New Swift, Epic New Swift, Epic New Swift, Epic New Swift, Epic New Swift, Epic New Swift, Epic New Swift, WagonR, WagonR, WagonR, WagonR">
      <![CDATA[java.lang.AssertionError: (Pending-Booking) Total Count of Model name In Lowercase: 50
The following Model name are not in uppercase: Dazzling New Dzire, Dazzling New Dzire, Dazzling New Dzire, Dazzling New Dzire, Dazzling New Dzire, Dazzling New Dzire, Dazzling New Dzire, Dazzling New Dzire, Dazzling New Dzire, Dazzling New Dzire, Dazzling New Dzire, Dazzling New Dzire, Dazzling New Dzire, Dazzling New Dzire, Dazzling New Dzire, Dazzling New Dzire, Dazzling New Dzire, Dazzling New Dzire, Dazzling New Dzire, Dazzling New Dzire, Dazzling New Dzire, Dazzling New Dzire, Dazzling New Dzire, Dazzling New Dzire, Dazzling New Dzire, Epic New Swift, Epic New Swift, Epic New Swift, Epic New Swift, Epic New Swift, Epic New Swift, Epic New Swift, Epic New Swift, Epic New Swift, Epic New Swift, Epic New Swift, Epic New Swift, Epic New Swift, Epic New Swift, Epic New Swift, Epic New Swift, Epic New Swift, Epic New Swift, Epic New Swift, Epic New Swift, Epic New Swift, WagonR, WagonR, WagonR, WagonR
at UAT_SIP2.Pending_Booking_Sorting.Model_Name_Sorting(Pending_Booking_Sorting.java:169)
at java.base/java.util.ArrayList.forEach(ArrayList.java:1597)
... Removed 26 stack frames]]>
    </failure>
  </testcase> <!-- Model_Name_Sorting -->
  <testcase classname="UAT_SIP2.Pending_Booking_Sorting" name="Varient_Sorting" time="3.929"/>
  <testcase classname="UAT_SIP2.Pending_Booking_Sorting" name="Colour_Sorting" time="4.252"/>
  <testcase classname="UAT_SIP2.Pending_Booking_Sorting" name="Booking_ID_Sorting" time="4.054"/>
  <testcase classname="UAT_SIP2.Cancelled_Booking_Sorting" name="Click_On_Cancelled_Booking" time="2.154"/>
  <testcase classname="UAT_SIP2.Cancelled_Booking_Sorting" name="Click_On_Items_Per_Page" time="0.16"/>
  <testcase classname="UAT_SIP2.Cancelled_Booking_Sorting" name="Sale_Executive_Name_Sorting" time="3.989">
    <failure type="java.lang.AssertionError" message="(Cancelled-Booking) Total Count of Sales Executive Name In Lowercase: 23
The following Sales Executive Name are not in uppercase: Ajeet Yadav, Ajeet Yadav, Manish Sharma, Manish Sharma, Manish Sharma, Manish Sharma, Manish Sharma, Somya Sharma Sharma, Somya Sharma Sharma, Somya Sharma Sharma, Somya Sharma Sharma, Somya Sharma Sharma, Somya Sharma Sharma, Somya Sharma Sharma, Sumer Singh, Sumer Singh, Zaid Qureshi, Zaid Qureshi, Zaid Qureshi, Zaid Qureshi, Zaid Qureshi, Zaid Qureshi, Zaid Qureshi">
      <![CDATA[java.lang.AssertionError: (Cancelled-Booking) Total Count of Sales Executive Name In Lowercase: 23
The following Sales Executive Name are not in uppercase: Ajeet Yadav, Ajeet Yadav, Manish Sharma, Manish Sharma, Manish Sharma, Manish Sharma, Manish Sharma, Somya Sharma Sharma, Somya Sharma Sharma, Somya Sharma Sharma, Somya Sharma Sharma, Somya Sharma Sharma, Somya Sharma Sharma, Somya Sharma Sharma, Sumer Singh, Sumer Singh, Zaid Qureshi, Zaid Qureshi, Zaid Qureshi, Zaid Qureshi, Zaid Qureshi, Zaid Qureshi, Zaid Qureshi
at UAT_SIP2.Cancelled_Booking_Sorting.Sale_Executive_Name_Sorting(Cancelled_Booking_Sorting.java:79)
at java.base/java.util.ArrayList.forEach(ArrayList.java:1597)
... Removed 26 stack frames]]>
    </failure>
  </testcase> <!-- Sale_Executive_Name_Sorting -->
  <testcase classname="UAT_SIP2.Cancelled_Booking_Sorting" name="Cutomer_Name_Sorting" time="3.995">
    <failure type="java.lang.AssertionError" message="(Cancelled-Booking) Total Count of customers name In Lowercase: 3
The following customers name are not in uppercase: Keshar Bijaraniya, Mohit MEENA, gajanand KUMAWAT">
      <![CDATA[java.lang.AssertionError: (Cancelled-Booking) Total Count of customers name In Lowercase: 3
The following customers name are not in uppercase: Keshar Bijaraniya, Mohit MEENA, gajanand KUMAWAT
at UAT_SIP2.Cancelled_Booking_Sorting.Cutomer_Name_Sorting(Cancelled_Booking_Sorting.java:116)
at java.base/java.util.ArrayList.forEach(ArrayList.java:1597)
... Removed 26 stack frames]]>
    </failure>
  </testcase> <!-- Cutomer_Name_Sorting -->
  <testcase classname="UAT_SIP2.Cancelled_Booking_Sorting" name="verify_Booking_Date_Sorting" time="3.075"/>
  <testcase classname="UAT_SIP2.Cancelled_Booking_Sorting" name="Model_Name_Sorting" time="3.99">
    <failure type="java.lang.AssertionError" message="(Cancelled-Booking) Total Count of Model name In Lowercase: 34
The following Model name are not in uppercase: Dazzling New Dzire, Dazzling New Dzire, Dazzling New Dzire, Dazzling New Dzire, Dazzling New Dzire, Dazzling New Dzire, Dazzling New Dzire, Dazzling New Dzire, Epic New Swift, Epic New Swift, Epic New Swift, Epic New Swift, Epic New Swift, Epic New Swift, Epic New Swift, Epic New Swift, Epic New Swift, Epic New Swift, Epic New Swift, Epic New Swift, Epic New Swift, Epic New Swift, Epic New Swift, Epic New Swift, Epic New Swift, Epic New Swift, Epic New Swift, Epic New Swift, WagonR, WagonR, WagonR, WagonR, WagonR, WagonR">
      <![CDATA[java.lang.AssertionError: (Cancelled-Booking) Total Count of Model name In Lowercase: 34
The following Model name are not in uppercase: Dazzling New Dzire, Dazzling New Dzire, Dazzling New Dzire, Dazzling New Dzire, Dazzling New Dzire, Dazzling New Dzire, Dazzling New Dzire, Dazzling New Dzire, Epic New Swift, Epic New Swift, Epic New Swift, Epic New Swift, Epic New Swift, Epic New Swift, Epic New Swift, Epic New Swift, Epic New Swift, Epic New Swift, Epic New Swift, Epic New Swift, Epic New Swift, Epic New Swift, Epic New Swift, Epic New Swift, Epic New Swift, Epic New Swift, Epic New Swift, Epic New Swift, WagonR, WagonR, WagonR, WagonR, WagonR, WagonR
at UAT_SIP2.Cancelled_Booking_Sorting.Model_Name_Sorting(Cancelled_Booking_Sorting.java:176)
at java.base/java.util.ArrayList.forEach(ArrayList.java:1597)
... Removed 26 stack frames]]>
    </failure>
  </testcase> <!-- Model_Name_Sorting -->
  <testcase classname="UAT_SIP2.Cancelled_Booking_Sorting" name="Varient_Sorting" time="4.003">
    <failure type="java.lang.AssertionError" message="Sorting failed (Cancelled-Booking) in Varient: Lists differ at element [0]: MARUTI ALTO K10 VXI (O) 1L 5MT != MARUTI WAGON R VXI 1L 5MT expected [MARUTI ALTO K10 VXI (O) 1L 5MT] but found [MARUTI WAGON R VXI 1L 5MT]">
      <![CDATA[java.lang.AssertionError: Sorting failed (Cancelled-Booking) in Varient: Lists differ at element [0]: MARUTI ALTO K10 VXI (O) 1L 5MT != MARUTI WAGON R VXI 1L 5MT expected [MARUTI ALTO K10 VXI (O) 1L 5MT] but found [MARUTI WAGON R VXI 1L 5MT]
at UAT_SIP2.Cancelled_Booking_Sorting.Varient_Sorting(Cancelled_Booking_Sorting.java:219)
at java.base/java.util.ArrayList.forEach(ArrayList.java:1597)
... Removed 29 stack frames]]>
    </failure>
  </testcase> <!-- Varient_Sorting -->
  <testcase classname="UAT_SIP2.Cancelled_Booking_Sorting" name="Colour_Sorting" time="3.96"/>
  <testcase classname="UAT_SIP2.Cancelled_Booking_Sorting" name="Booking_ID_Sorting" time="3.982"/>
  <testcase classname="UAT_SIP2.Tentative_Waiting_and_Final_Delivery_Date" name="Click_On_Pending_Booking" time="2.091"/>
  <testcase classname="UAT_SIP2.Tentative_Waiting_and_Final_Delivery_Date" name="Booking_Id" time="3.091"/>
  <testcase classname="UAT_SIP2.Tentative_Waiting_and_Final_Delivery_Date" name="Click_Customer" time="10.425"/>
  <testcase classname="UAT_SIP2.Tentative_Waiting_and_Final_Delivery_Date" name="Booking_NO" time="0.064"/>
  <testcase classname="UAT_SIP2.Tentative_Waiting_and_Final_Delivery_Date" name="Tentative_Waiting_Period_Difference" time="3.265"/>
  <testcase classname="UAT_SIP2.Tentative_Waiting_and_Final_Delivery_Date" name="Edit_Final_Delivery_Date" time="11.907"/>
  <testcase classname="UAT_SIP2.Tentative_Waiting_and_Final_Delivery_Date" name="Verify_Booking_ID" time="0.0"/>
  <testcase classname="UAT_SIP2.Customer_Query" name="Product_Query_Flow" time="11.753"/>
  <testcase classname="UAT_SIP2.Customer_Query" name="Validate_Product_Query" time="1.533"/>
  <testcase classname="UAT_SIP2.Customer_Query" name="Payment_Query_Flow" time="11.598"/>
  <testcase classname="UAT_SIP2.Customer_Query" name="Validate_Payment_Query" time="1.519"/>
  <testcase classname="UAT_SIP2.Customer_Query" name="Extended_Warranty_Payment_Query" time="1.522"/>
  <testcase classname="UAT_SIP2.Customer_Query" name="Extended_Warranty_Query_Flow" time="11.721"/>
  <testcase classname="UAT_SIP2.Customer_Query" name="Maruti_Insurance_Query_Flow" time="11.511"/>
  <testcase classname="UAT_SIP2.Customer_Query" name="Maruti_Insurance_Query" time="1.534"/>
  <testcase classname="UAT_SIP2.Customer_Query" name="Loyalty_Card_Query_Flow" time="11.941"/>
  <testcase classname="UAT_SIP2.Customer_Query" name="Loyalty_Card_Query" time="1.543"/>
  <testcase classname="UAT_SIP2.Customer_Query" name="True_Value_Query_Flow" time="11.599"/>
  <testcase classname="UAT_SIP2.Customer_Query" name="True_Value_Query" time="1.525"/>
  <testcase classname="UAT_SIP2.Customer_Query" name="Delivery_Query_Flow" time="11.75"/>
  <testcase classname="UAT_SIP2.Customer_Query" name="Delivery_Query" time="1.526"/>
  <testcase classname="UAT_SIP2.Customer_Query" name="MSGA_Flow" time="11.612"/>
  <testcase classname="UAT_SIP2.Customer_Query" name="MSGA_Query" time="1.528"/>
  <testcase classname="UAT_SIP2.Customer_Query" name="Booking_Amendment_Flow" time="11.727"/>
  <testcase classname="UAT_SIP2.Customer_Query" name="Booking_Amendment_Query" time="1.519"/>
  <testcase classname="UAT_SIP2.Customer_Query" name="Others_Flow" time="11.685"/>
  <testcase classname="UAT_SIP2.Customer_Query" name="Others_Query" time="1.529"/>
  <testcase classname="UAT_SIP2.Customer_Tag" name="Verify_VIP" time="4.467"/>
  <testcase classname="UAT_SIP2.Customer_Tag" name="Verify_Marriage" time="4.33"/>
  <testcase classname="UAT_SIP2.Customer_Tag" name="Verify_Birthday" time="4.35"/>
  <testcase classname="UAT_SIP2.Customer_Tag" name="Verify_Anniversary" time="4.263"/>
  <testcase classname="UAT_SIP2.Customer_Tag" name="Verify_Other" time="3.467"/>
  <testcase classname="UAT_SIP2.Check_On_Road_Price" name="Click_ChecK_On_ROAD_Price" time="0.998"/>
  <testcase classname="UAT_SIP2.Check_On_Road_Price" name="All_Details_Of_OnRoad_Price" time="0.569"/>
  <testcase classname="UAT_SIP2.Check_On_Road_Price" name="All_Vehicle_Details" time="0.15"/>
  <testcase classname="UAT_SIP2.Check_On_Road_Price" name="All_PRICE_Details" time="0.189"/>
  <testcase classname="UAT_SIP2.Check_On_Road_Price" name="Validate_Vehicle_Details_with_Check_On_Road_PriceTAB" time="0.002"/>
  <testcase classname="UAT_SIP2.Check_On_Road_Price" name="Validate_Check_On_Road_Price_With_PRICE_DETAILS" time="0.001"/>
  <testcase classname="UAT_SIP2.SVOC" name="Customer_Name" time="0.083"/>
  <testcase classname="UAT_SIP2.SVOC" name="SVOC_Customer_Name" time="0.987"/>
  <testcase classname="UAT_SIP2.SVOC" name="Booking_NO" time="0.063"/>
  <testcase classname="UAT_SIP2.Check_Offer" name="Vehicle_Details" time="0.082"/>
  <testcase classname="UAT_SIP2.Check_Offer" name="CHECK_Offer_TAB" time="1.36"/>
  <testcase classname="UAT_SIP2.Check_Offer" name="Verify_Check_Offer_TAB" time="0.0"/>
</testsuite> <!-- UAT_SIP2 -->
