<?xml version="1.0" encoding="UTF-8"?>
<!-- Generated by org.testng.reporters.JUnitXMLReporter -->
<testsuite ignored="0" hostname="DESKTOP-7SBKKJ1" failures="12" tests="65" name="UAT_SIP2" time="246.096" errors="0" timestamp="2025-02-27T10:16:37 IST">
  <testcase classname="UAT_SIP2.Dealer_User_Login" name="Dealer_User_Login1" time="3.943"/>
  <testcase classname="UAT_SIP2.Dealer_User_Login" name="Click_On_SIP" time="5.568"/>
  <testcase classname="UAT_SIP2.Pending_Booking_Sorting" name="Click_On_Additional_Fillter_To_Clear_Data" time="5.529"/>
  <testcase classname="UAT_SIP2.Pending_Booking_Sorting" name="Click_On_Items_Per_Page" time="0.129"/>
  <testcase classname="UAT_SIP2.Pending_Booking_Sorting" name="Sale_Executive_Name_Sorting" time="3.012">
    <failure type="java.lang.AssertionError" message="(Pending-Booking) Total Count of Sales Executive Name In Lowercase: 23
The following Sales Executive Name are not in uppercase: Ajeet Yadav, Ajeet Yadav, Ajeet Yadav, Ajeet Yadav, Manish Sharma, Manish Sharma, Manish Sharma, Manish Sharma, Manish Sharma, Rakesh Kumawat, Rakesh Kumawat, Rakesh Kumawat, Rakesh Kumawat, Rakesh Kumawat, Rakesh Kumawat, Rakesh Kumawat, Somya Sharma Sharma, Somya Sharma Sharma, Sunil Kumar Verma, Zaid Qureshi, Zaid Qureshi, Zaid Qureshi, Zaid Qureshi">
      <![CDATA[java.lang.AssertionError: (Pending-Booking) Total Count of Sales Executive Name In Lowercase: 23
The following Sales Executive Name are not in uppercase: Ajeet Yadav, Ajeet Yadav, Ajeet Yadav, Ajeet Yadav, Manish Sharma, Manish Sharma, Manish Sharma, Manish Sharma, Manish Sharma, Rakesh Kumawat, Rakesh Kumawat, Rakesh Kumawat, Rakesh Kumawat, Rakesh Kumawat, Rakesh Kumawat, Rakesh Kumawat, Somya Sharma Sharma, Somya Sharma Sharma, Sunil Kumar Verma, Zaid Qureshi, Zaid Qureshi, Zaid Qureshi, Zaid Qureshi
at UAT_SIP2.Pending_Booking_Sorting.Sale_Executive_Name_Sorting(Pending_Booking_Sorting.java:104)
at java.base/java.util.ArrayList.forEach(ArrayList.java:1597)
... Removed 26 stack frames]]>
    </failure>
  </testcase> <!-- Sale_Executive_Name_Sorting -->
  <testcase classname="UAT_SIP2.Pending_Booking_Sorting" name="Cutomer_Name_Sorting" time="3.001">
    <failure type="java.lang.AssertionError" message="(Pending-Booking)Total Count of customers name In Lowercase: 6
The following customers name are not in uppercase: BHANWARI Lal, DILIP kumar, Dinesh kumar, Shri Chand Dotasara, anil kumar, sandeep Dixit">
      <![CDATA[java.lang.AssertionError: (Pending-Booking)Total Count of customers name In Lowercase: 6
The following customers name are not in uppercase: BHANWARI Lal, DILIP kumar, Dinesh kumar, Shri Chand Dotasara, anil kumar, sandeep Dixit
at UAT_SIP2.Pending_Booking_Sorting.Cutomer_Name_Sorting(Pending_Booking_Sorting.java:141)
at java.base/java.util.ArrayList.forEach(ArrayList.java:1597)
... Removed 26 stack frames]]>
    </failure>
  </testcase> <!-- Cutomer_Name_Sorting -->
  <testcase classname="UAT_SIP2.Pending_Booking_Sorting" name="verify_Booking_Date_Sorting" time="2.065"/>
  <testcase classname="UAT_SIP2.Pending_Booking_Sorting" name="Model_Name_Sorting" time="2.995">
    <failure type="java.lang.AssertionError" message="(Pending-Booking) Total Count of Model name In Lowercase: 51
The following Model name are not in uppercase: Dazzling New Dzire, Dazzling New Dzire, Dazzling New Dzire, Dazzling New Dzire, Dazzling New Dzire, Dazzling New Dzire, Dazzling New Dzire, Dazzling New Dzire, Dazzling New Dzire, Dazzling New Dzire, Dazzling New Dzire, Dazzling New Dzire, Dazzling New Dzire, Dazzling New Dzire, Dazzling New Dzire, Dazzling New Dzire, Dazzling New Dzire, Dazzling New Dzire, Dazzling New Dzire, Dazzling New Dzire, Dazzling New Dzire, Dazzling New Dzire, Dazzling New Dzire, Dazzling New Dzire, Dazzling New Dzire, Epic New Swift, Epic New Swift, Epic New Swift, Epic New Swift, Epic New Swift, Epic New Swift, Epic New Swift, Epic New Swift, Epic New Swift, Epic New Swift, Epic New Swift, Epic New Swift, Epic New Swift, Epic New Swift, Epic New Swift, Epic New Swift, Epic New Swift, Epic New Swift, Epic New Swift, Epic New Swift, Epic New Swift, WagonR, WagonR, WagonR, WagonR, WagonR">
      <![CDATA[java.lang.AssertionError: (Pending-Booking) Total Count of Model name In Lowercase: 51
The following Model name are not in uppercase: Dazzling New Dzire, Dazzling New Dzire, Dazzling New Dzire, Dazzling New Dzire, Dazzling New Dzire, Dazzling New Dzire, Dazzling New Dzire, Dazzling New Dzire, Dazzling New Dzire, Dazzling New Dzire, Dazzling New Dzire, Dazzling New Dzire, Dazzling New Dzire, Dazzling New Dzire, Dazzling New Dzire, Dazzling New Dzire, Dazzling New Dzire, Dazzling New Dzire, Dazzling New Dzire, Dazzling New Dzire, Dazzling New Dzire, Dazzling New Dzire, Dazzling New Dzire, Dazzling New Dzire, Dazzling New Dzire, Epic New Swift, Epic New Swift, Epic New Swift, Epic New Swift, Epic New Swift, Epic New Swift, Epic New Swift, Epic New Swift, Epic New Swift, Epic New Swift, Epic New Swift, Epic New Swift, Epic New Swift, Epic New Swift, Epic New Swift, Epic New Swift, Epic New Swift, Epic New Swift, Epic New Swift, Epic New Swift, Epic New Swift, WagonR, WagonR, WagonR, WagonR, WagonR
at UAT_SIP2.Pending_Booking_Sorting.Model_Name_Sorting(Pending_Booking_Sorting.java:201)
at java.base/java.util.ArrayList.forEach(ArrayList.java:1597)
... Removed 26 stack frames]]>
    </failure>
  </testcase> <!-- Model_Name_Sorting -->
  <testcase classname="UAT_SIP2.Pending_Booking_Sorting" name="Varient_Sorting" time="2.98"/>
  <testcase classname="UAT_SIP2.Pending_Booking_Sorting" name="Colour_Sorting" time="2.962"/>
  <testcase classname="UAT_SIP2.Pending_Booking_Sorting" name="Booking_ID_Sorting" time="2.932"/>
  <testcase classname="UAT_SIP2.Cancelled_Booking_Sorting" name="Click_On_Cancelled_Booking" time="2.096"/>
  <testcase classname="UAT_SIP2.Cancelled_Booking_Sorting" name="Click_On_Items_Per_Page" time="0.1"/>
  <testcase classname="UAT_SIP2.Cancelled_Booking_Sorting" name="Sale_Executive_Name_Sorting" time="2.932">
    <failure type="java.lang.AssertionError" message="(Cancelled-Booking) Total Count of Sales Executive Name In Lowercase: 23
The following Sales Executive Name are not in uppercase: Ajeet Yadav, Ajeet Yadav, Manish Sharma, Manish Sharma, Manish Sharma, Manish Sharma, Manish Sharma, Somya Sharma Sharma, Somya Sharma Sharma, Somya Sharma Sharma, Somya Sharma Sharma, Somya Sharma Sharma, Somya Sharma Sharma, Somya Sharma Sharma, Sumer Singh, Sumer Singh, Zaid Qureshi, Zaid Qureshi, Zaid Qureshi, Zaid Qureshi, Zaid Qureshi, Zaid Qureshi, Zaid Qureshi">
      <![CDATA[java.lang.AssertionError: (Cancelled-Booking) Total Count of Sales Executive Name In Lowercase: 23
The following Sales Executive Name are not in uppercase: Ajeet Yadav, Ajeet Yadav, Manish Sharma, Manish Sharma, Manish Sharma, Manish Sharma, Manish Sharma, Somya Sharma Sharma, Somya Sharma Sharma, Somya Sharma Sharma, Somya Sharma Sharma, Somya Sharma Sharma, Somya Sharma Sharma, Somya Sharma Sharma, Sumer Singh, Sumer Singh, Zaid Qureshi, Zaid Qureshi, Zaid Qureshi, Zaid Qureshi, Zaid Qureshi, Zaid Qureshi, Zaid Qureshi
at UAT_SIP2.Cancelled_Booking_Sorting.Sale_Executive_Name_Sorting(Cancelled_Booking_Sorting.java:79)
at java.base/java.util.ArrayList.forEach(ArrayList.java:1597)
... Removed 26 stack frames]]>
    </failure>
  </testcase> <!-- Sale_Executive_Name_Sorting -->
  <testcase classname="UAT_SIP2.Cancelled_Booking_Sorting" name="Cutomer_Name_Sorting" time="2.922">
    <failure type="java.lang.AssertionError" message="(Cancelled-Booking) Total Count of customers name In Lowercase: 3
The following customers name are not in uppercase: Keshar Bijaraniya, Mohit MEENA, gajanand KUMAWAT">
      <![CDATA[java.lang.AssertionError: (Cancelled-Booking) Total Count of customers name In Lowercase: 3
The following customers name are not in uppercase: Keshar Bijaraniya, Mohit MEENA, gajanand KUMAWAT
at UAT_SIP2.Cancelled_Booking_Sorting.Cutomer_Name_Sorting(Cancelled_Booking_Sorting.java:116)
at java.base/java.util.ArrayList.forEach(ArrayList.java:1597)
... Removed 26 stack frames]]>
    </failure>
  </testcase> <!-- Cutomer_Name_Sorting -->
  <testcase classname="UAT_SIP2.Cancelled_Booking_Sorting" name="verify_Booking_Date_Sorting" time="2.02"/>
  <testcase classname="UAT_SIP2.Cancelled_Booking_Sorting" name="Model_Name_Sorting" time="2.927">
    <failure type="java.lang.AssertionError" message="(Cancelled-Booking) Total Count of Model name In Lowercase: 34
The following Model name are not in uppercase: Dazzling New Dzire, Dazzling New Dzire, Dazzling New Dzire, Dazzling New Dzire, Dazzling New Dzire, Dazzling New Dzire, Dazzling New Dzire, Dazzling New Dzire, Epic New Swift, Epic New Swift, Epic New Swift, Epic New Swift, Epic New Swift, Epic New Swift, Epic New Swift, Epic New Swift, Epic New Swift, Epic New Swift, Epic New Swift, Epic New Swift, Epic New Swift, Epic New Swift, Epic New Swift, Epic New Swift, Epic New Swift, Epic New Swift, Epic New Swift, Epic New Swift, WagonR, WagonR, WagonR, WagonR, WagonR, WagonR">
      <![CDATA[java.lang.AssertionError: (Cancelled-Booking) Total Count of Model name In Lowercase: 34
The following Model name are not in uppercase: Dazzling New Dzire, Dazzling New Dzire, Dazzling New Dzire, Dazzling New Dzire, Dazzling New Dzire, Dazzling New Dzire, Dazzling New Dzire, Dazzling New Dzire, Epic New Swift, Epic New Swift, Epic New Swift, Epic New Swift, Epic New Swift, Epic New Swift, Epic New Swift, Epic New Swift, Epic New Swift, Epic New Swift, Epic New Swift, Epic New Swift, Epic New Swift, Epic New Swift, Epic New Swift, Epic New Swift, Epic New Swift, Epic New Swift, Epic New Swift, Epic New Swift, WagonR, WagonR, WagonR, WagonR, WagonR, WagonR
at UAT_SIP2.Cancelled_Booking_Sorting.Model_Name_Sorting(Cancelled_Booking_Sorting.java:176)
at java.base/java.util.ArrayList.forEach(ArrayList.java:1597)
... Removed 26 stack frames]]>
    </failure>
  </testcase> <!-- Model_Name_Sorting -->
  <testcase classname="UAT_SIP2.Cancelled_Booking_Sorting" name="Varient_Sorting" time="2.866">
    <failure type="java.lang.AssertionError" message="Sorting failed (Cancelled-Booking) in Varient: Lists differ at element [0]: MARUTI ALTO K10 VXI (O) 1L 5MT != MARUTI WAGON R VXI 1L 5MT expected [MARUTI ALTO K10 VXI (O) 1L 5MT] but found [MARUTI WAGON R VXI 1L 5MT]">
      <![CDATA[java.lang.AssertionError: Sorting failed (Cancelled-Booking) in Varient: Lists differ at element [0]: MARUTI ALTO K10 VXI (O) 1L 5MT != MARUTI WAGON R VXI 1L 5MT expected [MARUTI ALTO K10 VXI (O) 1L 5MT] but found [MARUTI WAGON R VXI 1L 5MT]
at UAT_SIP2.Cancelled_Booking_Sorting.Varient_Sorting(Cancelled_Booking_Sorting.java:219)
at java.base/java.util.ArrayList.forEach(ArrayList.java:1597)
... Removed 29 stack frames]]>
    </failure>
  </testcase> <!-- Varient_Sorting -->
  <testcase classname="UAT_SIP2.Cancelled_Booking_Sorting" name="Colour_Sorting" time="2.909"/>
  <testcase classname="UAT_SIP2.Cancelled_Booking_Sorting" name="Booking_ID_Sorting" time="2.926"/>
  <testcase classname="UAT_SIP2.Tentative_Waiting_and_Final_Delivery_Date" name="Click_On_Pending_Booking" time="2.082"/>
  <testcase classname="UAT_SIP2.Tentative_Waiting_and_Final_Delivery_Date" name="Booking_Id" time="3.07"/>
  <testcase classname="UAT_SIP2.Tentative_Waiting_and_Final_Delivery_Date" name="Click_Customer" time="12.175">
    <failure type="java.lang.AssertionError" message="Test FAILED  
 ::In (Pending Booking),Vehicle Details is not showing after Open Customer page::">
      <![CDATA[java.lang.AssertionError: Test FAILED  
 ::In (Pending Booking),Vehicle Details is not showing after Open Customer page::
at UAT_SIP2.Tentative_Waiting_and_Final_Delivery_Date.Click_Customer(Tentative_Waiting_and_Final_Delivery_Date.java:66)
at java.base/java.util.ArrayList.forEach(ArrayList.java:1597)
... Removed 26 stack frames]]>
    </failure>
  </testcase> <!-- Click_Customer -->
  <testcase classname="UAT_SIP2.Tentative_Waiting_and_Final_Delivery_Date" name="Booking_NO" time="0.041"/>
  <testcase classname="UAT_SIP2.Tentative_Waiting_and_Final_Delivery_Date" name="Tentative_Waiting_Period_Difference" time="10.097">
    <failure type="java.lang.AssertionError" message="TEST FAILED :: In(Pending Booking),Error occurred while Tentative Waiting Period Difference. Possible LoadTime issue  ::">
      <![CDATA[java.lang.AssertionError: TEST FAILED :: In(Pending Booking),Error occurred while Tentative Waiting Period Difference. Possible LoadTime issue  ::
at UAT_SIP2.Tentative_Waiting_and_Final_Delivery_Date.Tentative_Waiting_Period_Difference(Tentative_Waiting_and_Final_Delivery_Date.java:115)
at java.base/java.util.ArrayList.forEach(ArrayList.java:1597)
... Removed 26 stack frames]]>
    </failure>
  </testcase> <!-- Tentative_Waiting_Period_Difference -->
  <testcase classname="UAT_SIP2.Tentative_Waiting_and_Final_Delivery_Date" name="Edit_Final_Delivery_Date" time="12.168">
    <failure type="java.lang.AssertionError" message="TEST FAILED :: In(Pending Booking),Error occurred while editing final delivery date. Possible LoadTime issue ">
      <![CDATA[java.lang.AssertionError: TEST FAILED :: In(Pending Booking),Error occurred while editing final delivery date. Possible LoadTime issue 
at UAT_SIP2.Tentative_Waiting_and_Final_Delivery_Date.Edit_Final_Delivery_Date(Tentative_Waiting_and_Final_Delivery_Date.java:155)
at java.base/java.util.ArrayList.forEach(ArrayList.java:1597)
... Removed 26 stack frames]]>
    </failure>
  </testcase> <!-- Edit_Final_Delivery_Date -->
  <testcase classname="UAT_SIP2.Tentative_Waiting_and_Final_Delivery_Date" name="Verify_Booking_ID" time="0.001">
    <failure type="java.lang.AssertionError" message="Booking Number not match with Booking Id  expected [Booking No.:] but found [SOB24000033]">
      <![CDATA[java.lang.AssertionError: Booking Number not match with Booking Id  expected [Booking No.:] but found [SOB24000033]
at UAT_SIP2.Tentative_Waiting_and_Final_Delivery_Date.Verify_Booking_ID(Tentative_Waiting_and_Final_Delivery_Date.java:162)
at java.base/java.util.ArrayList.forEach(ArrayList.java:1597)
... Removed 30 stack frames]]>
    </failure>
  </testcase> <!-- Verify_Booking_ID -->
  <testcase classname="UAT_SIP2.Customer_Query" name="Product_Query_Flow" time="10.804"/>
  <testcase classname="UAT_SIP2.Customer_Query" name="Validate_Product_Query" time="1.53"/>
  <testcase classname="UAT_SIP2.Customer_Query" name="Payment_Query_Flow" time="10.699"/>
  <testcase classname="UAT_SIP2.Customer_Query" name="Validate_Payment_Query" time="1.533"/>
  <testcase classname="UAT_SIP2.Customer_Query" name="Extended_Warranty_Payment_Query" time="1.532"/>
  <testcase classname="UAT_SIP2.Customer_Query" name="Extended_Warranty_Query_Flow" time="10.844"/>
  <testcase classname="UAT_SIP2.Customer_Query" name="Maruti_Insurance_Query_Flow" time="10.672"/>
  <testcase classname="UAT_SIP2.Customer_Query" name="Maruti_Insurance_Query" time="1.515"/>
  <testcase classname="UAT_SIP2.Customer_Query" name="Loyalty_Card_Query_Flow" time="10.709"/>
  <testcase classname="UAT_SIP2.Customer_Query" name="Loyalty_Card_Query" time="1.535"/>
  <testcase classname="UAT_SIP2.Customer_Query" name="True_Value_Query_Flow" time="10.691"/>
  <testcase classname="UAT_SIP2.Customer_Query" name="True_Value_Query" time="1.516"/>
  <testcase classname="UAT_SIP2.Customer_Query" name="Delivery_Query_Flow" time="10.585"/>
  <testcase classname="UAT_SIP2.Customer_Query" name="Delivery_Query" time="1.529"/>
  <testcase classname="UAT_SIP2.Customer_Query" name="MSGA_Flow" time="10.741"/>
  <testcase classname="UAT_SIP2.Customer_Query" name="MSGA_Query" time="1.537"/>
  <testcase classname="UAT_SIP2.Customer_Query" name="Booking_Amendment_Flow" time="10.765"/>
  <testcase classname="UAT_SIP2.Customer_Query" name="Booking_Amendment_Query" time="1.537"/>
  <testcase classname="UAT_SIP2.Customer_Query" name="Others_Flow" time="10.777"/>
  <testcase classname="UAT_SIP2.Customer_Query" name="Others_Query" time="1.538"/>
  <testcase classname="UAT_SIP2.Customer_Tag" name="Verify_VIP" time="4.381"/>
  <testcase classname="UAT_SIP2.Customer_Tag" name="Verify_Marriage" time="3.999"/>
  <testcase classname="UAT_SIP2.Customer_Tag" name="Verify_Birthday" time="4.028"/>
  <testcase classname="UAT_SIP2.Customer_Tag" name="Verify_Anniversary" time="3.982"/>
  <testcase classname="UAT_SIP2.Customer_Tag" name="Verify_Other" time="3.134"/>
  <testcase classname="UAT_SIP2.Check_On_Road_Price" name="Click_ChecK_On_ROAD_Price" time="0.866"/>
  <testcase classname="UAT_SIP2.Check_On_Road_Price" name="All_Details_Of_OnRoad_Price" time="0.388"/>
  <testcase classname="UAT_SIP2.Check_On_Road_Price" name="All_Vehicle_Details" time="0.113"/>
  <testcase classname="UAT_SIP2.Check_On_Road_Price" name="All_PRICE_Details" time="0.084"/>
  <testcase classname="UAT_SIP2.Check_On_Road_Price" name="Validate_Vehicle_Details_with_Check_On_Road_PriceTAB" time="0.0"/>
  <testcase classname="UAT_SIP2.Check_On_Road_Price" name="Validate_Check_On_Road_Price_With_PRICE_DETAILS" time="0.0"/>
  <testcase classname="UAT_SIP2.SVOC" name="Customer_Name" time="0.039"/>
  <testcase classname="UAT_SIP2.SVOC" name="SVOC_Customer_Name" time="0.767"/>
  <testcase classname="UAT_SIP2.SVOC" name="Booking_NO" time="0.038"/>
  <testcase classname="UAT_SIP2.SVOC" name="Verify_Booking_ID" time="0.003">
    <failure type="java.lang.AssertionError" message="Booking Number not match with Booking Id  expected [SOB24000033] but found [null]">
      <![CDATA[java.lang.AssertionError: Booking Number not match with Booking Id  expected [SOB24000033] but found [null]
at UAT_SIP2.SVOC.Verify_Booking_ID(SVOC.java:63)
at java.base/java.util.ArrayList.forEach(ArrayList.java:1597)
... Removed 30 stack frames]]>
    </failure>
  </testcase> <!-- Verify_Booking_ID -->
  <testcase classname="UAT_SIP2.Check_Offer" name="Vehicle_Details" time="0.059"/>
  <testcase classname="UAT_SIP2.Check_Offer" name="CHECK_Offer_TAB" time="1.188"/>
  <testcase classname="UAT_SIP2.Check_Offer" name="Verify_Check_Offer_TAB" time="0.001"/>
</testsuite> <!-- UAT_SIP2 -->
