<?xml version="1.0" encoding="UTF-8"?>
<!-- Generated by org.testng.reporters.JUnitXMLReporter -->
<testsuite ignored="0" hostname="DESKTOP-7SBKKJ1" failures="0" tests="15" name="SIP2" time="17.671" errors="0" timestamp="2025-02-20T11:43:56 IST">
  <testcase classname="SIP.Invalid_MSPIN" name="MSPIN" time="0.274"/>
  <testcase classname="SIP.Invalid_MSPIN" name="SendOTP" time="0.198"/>
  <testcase classname="SIP.Invalid_MSPIN" name="TestMSPIN" time="0.166"/>
  <testcase classname="SIP.Invalid_MSPIN" name="Captcha" time="0.592"/>
  <testcase classname="SIP.Invalid_MSPIN" name="VerifyCaptcha" time="3.181"/>
  <testcase classname="SIP.Invalid_Captcha" name="MSPIN" time="2.254"/>
  <testcase classname="SIP.Invalid_Captcha" name="SendOTP" time="0.226"/>
  <testcase classname="SIP.Invalid_Captcha" name="Captcha" time="0.334"/>
  <testcase classname="SIP.Invalid_Captcha" name="VerifyCaptcha" time="0.333"/>
  <testcase classname="SIP.Invalid_OTP" name="MSPIN" time="0.419"/>
  <testcase classname="SIP.Invalid_OTP" name="SendOTP" time="0.217"/>
  <testcase classname="SIP.Invalid_OTP" name="Captcha" time="0.32"/>
  <testcase classname="SIP.Invalid_OTP" name="VerifyCaptcha" time="0.167"/>
  <testcase classname="SIP.Invalid_OTP" name="OTP" time="1.169"/>
  <testcase classname="SIP.Invalid_OTP" name="click_On_Login" time="1.362"/>
</testsuite> <!-- SIP2 -->
