<?xml version="1.0" encoding="UTF-8"?>
<!-- Generated by org.testng.reporters.JUnitXMLReporter -->
<testsuite ignored="0" hostname="DESKTOP-7SBKKJ1" failures="0" tests="5" name="Default test" time="30.426" errors="0" timestamp="2025-02-27T17:13:59 IST">
  <testcase classname="SIP.Dealer_User_Login" name="Dealer_User_Login1" time="5.946"/>
  <testcase classname="SIP.Dealer_User_Login" name="Click_On_SIP" time="5.455"/>
  <testcase classname="SIP.Additional_Fillter" name="Click_On_Additional_Fillter_To_Clear_Data" time="0.371"/>
  <testcase classname="SIP.Additional_Fillter" name="Verify_Booking_Date_Fillter" time="7.849"/>
  <testcase classname="SIP.Additional_Fillter" name="Verify_MODEL_Fillter" time="7.361"/>
</testsuite> <!-- Default test -->
