<?xml version="1.0" encoding="UTF-8"?>
<!-- Generated by org.testng.reporters.JUnitXMLReporter -->
<testsuite ignored="0" hostname="DESKTOP-7SBKKJ1" failures="7" tests="44" name="UAT_SIP" time="173.552" errors="0" timestamp="2025-02-21T14:45:38 IST">
  <testcase classname="UAT_SIP.Dealer_User_Login" name="Dealer_User_Login1" time="6.484"/>
  <testcase classname="UAT_SIP.Dealer_User_Login" name="Click_On_SIP" time="5.168"/>
  <testcase classname="UAT_SIP.Pending_Booking_Sorting" name="Click_On_Additional_Fillter_To_Clear_Data" time="6.323"/>
  <testcase classname="UAT_SIP.Pending_Booking_Sorting" name="Click_On_Items_Per_Page" time="0.18"/>
  <testcase classname="UAT_SIP.Pending_Booking_Sorting" name="Sale_Executive_Name_Sorting" time="3.565">
    <failure type="java.lang.AssertionError" message="(Pending-Booking) Total Count of Sales Executive Name In Lowercase: 16
The following Sales Executive Name are not in uppercase: Manish Sharma, Manish Sharma, Manish Sharma, Manish Sharma, Rakesh Kumawat, Rakesh Kumawat, Rakesh Kumawat, Rakesh Kumawat, Rakesh Kumawat, Somya Sharma Sharma, Sumer Singh, Zaid Qureshi, Zaid Qureshi, Zaid Qureshi, Zaid Qureshi, Zaid Qureshi">
      <![CDATA[java.lang.AssertionError: (Pending-Booking) Total Count of Sales Executive Name In Lowercase: 16
The following Sales Executive Name are not in uppercase: Manish Sharma, Manish Sharma, Manish Sharma, Manish Sharma, Rakesh Kumawat, Rakesh Kumawat, Rakesh Kumawat, Rakesh Kumawat, Rakesh Kumawat, Somya Sharma Sharma, Sumer Singh, Zaid Qureshi, Zaid Qureshi, Zaid Qureshi, Zaid Qureshi, Zaid Qureshi
at UAT_SIP.Pending_Booking_Sorting.Sale_Executive_Name_Sorting(Pending_Booking_Sorting.java:104)
at java.base/java.util.ArrayList.forEach(ArrayList.java:1597)
... Removed 26 stack frames]]>
    </failure>
  </testcase> <!-- Sale_Executive_Name_Sorting -->
  <testcase classname="UAT_SIP.Pending_Booking_Sorting" name="Cutomer_Name_Sorting" time="3.481">
    <failure type="java.lang.AssertionError" message="(Pending-Booking)Total Count of customers name In Lowercase: 1
The following customers name are not in uppercase: shnakr SINGH">
      <![CDATA[java.lang.AssertionError: (Pending-Booking)Total Count of customers name In Lowercase: 1
The following customers name are not in uppercase: shnakr SINGH
at UAT_SIP.Pending_Booking_Sorting.Cutomer_Name_Sorting(Pending_Booking_Sorting.java:141)
at java.base/java.util.ArrayList.forEach(ArrayList.java:1597)
... Removed 26 stack frames]]>
    </failure>
  </testcase> <!-- Cutomer_Name_Sorting -->
  <testcase classname="UAT_SIP.Pending_Booking_Sorting" name="verify_Booking_Date_Sorting" time="2.578"/>
  <testcase classname="UAT_SIP.Pending_Booking_Sorting" name="Model_Name_Sorting" time="3.426">
    <failure type="java.lang.AssertionError" message="(Pending-Booking) Total Count of Model name In Lowercase: 29
The following Model name are not in uppercase: Dazzling New Dzire, Dazzling New Dzire, Dazzling New Dzire, Dazzling New Dzire, Dazzling New Dzire, Dazzling New Dzire, Epic New Swift, Epic New Swift, Epic New Swift, Epic New Swift, Epic New Swift, Epic New Swift, Epic New Swift, Epic New Swift, Epic New Swift, Epic New Swift, Epic New Swift, Epic New Swift, Epic New Swift, Epic New Swift, Epic New Swift, Epic New Swift, Epic New Swift, Epic New Swift, WagonR, WagonR, WagonR, WagonR, WagonR">
      <![CDATA[java.lang.AssertionError: (Pending-Booking) Total Count of Model name In Lowercase: 29
The following Model name are not in uppercase: Dazzling New Dzire, Dazzling New Dzire, Dazzling New Dzire, Dazzling New Dzire, Dazzling New Dzire, Dazzling New Dzire, Epic New Swift, Epic New Swift, Epic New Swift, Epic New Swift, Epic New Swift, Epic New Swift, Epic New Swift, Epic New Swift, Epic New Swift, Epic New Swift, Epic New Swift, Epic New Swift, Epic New Swift, Epic New Swift, Epic New Swift, Epic New Swift, Epic New Swift, Epic New Swift, WagonR, WagonR, WagonR, WagonR, WagonR
at UAT_SIP.Pending_Booking_Sorting.Model_Name_Sorting(Pending_Booking_Sorting.java:201)
at java.base/java.util.ArrayList.forEach(ArrayList.java:1597)
... Removed 26 stack frames]]>
    </failure>
  </testcase> <!-- Model_Name_Sorting -->
  <testcase classname="UAT_SIP.Pending_Booking_Sorting" name="Varient_Sorting" time="3.47">
    <failure type="java.lang.AssertionError" message="Sorting failed (Pending-Booking) in Varient: Lists differ at element [0]: MARUTI ALTO K10 LXI 1L 5MT != MARUTI EECO 5 STR AC (O) CNG 1.2L 5MT expected [MARUTI ALTO K10 LXI 1L 5MT] but found [MARUTI EECO 5 STR AC (O) CNG 1.2L 5MT]">
      <![CDATA[java.lang.AssertionError: Sorting failed (Pending-Booking) in Varient: Lists differ at element [0]: MARUTI ALTO K10 LXI 1L 5MT != MARUTI EECO 5 STR AC (O) CNG 1.2L 5MT expected [MARUTI ALTO K10 LXI 1L 5MT] but found [MARUTI EECO 5 STR AC (O) CNG 1.2L 5MT]
at UAT_SIP.Pending_Booking_Sorting.Varient_Sorting(Pending_Booking_Sorting.java:244)
at java.base/java.util.ArrayList.forEach(ArrayList.java:1597)
... Removed 29 stack frames]]>
    </failure>
  </testcase> <!-- Varient_Sorting -->
  <testcase classname="UAT_SIP.Pending_Booking_Sorting" name="Colour_Sorting" time="3.436"/>
  <testcase classname="UAT_SIP.Pending_Booking_Sorting" name="Booking_ID_Sorting" time="3.475"/>
  <testcase classname="UAT_SIP.Cancelled_Booking_Sorting" name="Click_On_Cancelled_Booking" time="2.1"/>
  <testcase classname="UAT_SIP.Cancelled_Booking_Sorting" name="Click_On_Items_Per_Page" time="0.165"/>
  <testcase classname="UAT_SIP.Cancelled_Booking_Sorting" name="Sale_Executive_Name_Sorting" time="2.338">
    <failure type="java.lang.AssertionError" message="(Cancelled-Booking) Total Count of Sales Executive Name In Lowercase: 1
The following Sales Executive Name are not in uppercase: Manish Sharma">
      <![CDATA[java.lang.AssertionError: (Cancelled-Booking) Total Count of Sales Executive Name In Lowercase: 1
The following Sales Executive Name are not in uppercase: Manish Sharma
at UAT_SIP.Cancelled_Booking_Sorting.Sale_Executive_Name_Sorting(Cancelled_Booking_Sorting.java:79)
at java.base/java.util.ArrayList.forEach(ArrayList.java:1597)
... Removed 26 stack frames]]>
    </failure>
  </testcase> <!-- Sale_Executive_Name_Sorting -->
  <testcase classname="UAT_SIP.Cancelled_Booking_Sorting" name="Cutomer_Name_Sorting" time="2.365"/>
  <testcase classname="UAT_SIP.Cancelled_Booking_Sorting" name="verify_Booking_Date_Sorting" time="1.442"/>
  <testcase classname="UAT_SIP.Cancelled_Booking_Sorting" name="Model_Name_Sorting" time="2.318">
    <failure type="java.lang.AssertionError" message="(Cancelled-Booking) Total Count of Model name In Lowercase: 7
The following Model name are not in uppercase: Dazzling New Dzire, Epic New Swift, Epic New Swift, Epic New Swift, Epic New Swift, Epic New Swift, Epic New Swift">
      <![CDATA[java.lang.AssertionError: (Cancelled-Booking) Total Count of Model name In Lowercase: 7
The following Model name are not in uppercase: Dazzling New Dzire, Epic New Swift, Epic New Swift, Epic New Swift, Epic New Swift, Epic New Swift, Epic New Swift
at UAT_SIP.Cancelled_Booking_Sorting.Model_Name_Sorting(Cancelled_Booking_Sorting.java:176)
at java.base/java.util.ArrayList.forEach(ArrayList.java:1597)
... Removed 26 stack frames]]>
    </failure>
  </testcase> <!-- Model_Name_Sorting -->
  <testcase classname="UAT_SIP.Cancelled_Booking_Sorting" name="Varient_Sorting" time="2.334">
    <failure type="java.lang.AssertionError" message="Sorting failed (Cancelled-Booking) in Varient: Lists differ at element [0]: MARUTI ALTO K10 VXI+ (O) 1L 5MT != MARUTI SWIFT ZXI+ expected [MARUTI ALTO K10 VXI+ (O) 1L 5MT] but found [MARUTI SWIFT ZXI+]">
      <![CDATA[java.lang.AssertionError: Sorting failed (Cancelled-Booking) in Varient: Lists differ at element [0]: MARUTI ALTO K10 VXI+ (O) 1L 5MT != MARUTI SWIFT ZXI+ expected [MARUTI ALTO K10 VXI+ (O) 1L 5MT] but found [MARUTI SWIFT ZXI+]
at UAT_SIP.Cancelled_Booking_Sorting.Varient_Sorting(Cancelled_Booking_Sorting.java:219)
at java.base/java.util.ArrayList.forEach(ArrayList.java:1597)
... Removed 29 stack frames]]>
    </failure>
  </testcase> <!-- Varient_Sorting -->
  <testcase classname="UAT_SIP.Cancelled_Booking_Sorting" name="Colour_Sorting" time="2.343"/>
  <testcase classname="UAT_SIP.Cancelled_Booking_Sorting" name="Booking_ID_Sorting" time="2.352"/>
  <testcase classname="UAT_SIP.Tentative_Waiting_and_Final_Delivery_Date" name="Click_On_Pending_Booking" time="2.111"/>
  <testcase classname="UAT_SIP.Tentative_Waiting_and_Final_Delivery_Date" name="Click_Customer" time="5.772"/>
  <testcase classname="UAT_SIP.Tentative_Waiting_and_Final_Delivery_Date" name="Tentative_Waiting_Period_Difference" time="3.23"/>
  <testcase classname="UAT_SIP.Tentative_Waiting_and_Final_Delivery_Date" name="Edit_Final_Delivery_Date" time="11.88"/>
  <testcase classname="UAT_SIP.Select_PRODUCT_On_Customer_Query" name="Click_On_Customer_Query" time="0.145"/>
  <testcase classname="UAT_SIP.Select_PRODUCT_On_Customer_Query" name="Click_On_Select_Product" time="6.557"/>
  <testcase classname="UAT_SIP.Select_PRODUCT_On_Customer_Query" name="Click_On_Query_History" time="11.214"/>
  <testcase classname="UAT_SIP.Select_PRODUCT_On_Customer_Query" name="Match_Product_Query_will_punched" time="0.513"/>
  <testcase classname="UAT_SIP.Select_Payment_On_Customer_Query" name="Click_On_Customer_Query" time="0.132"/>
  <testcase classname="UAT_SIP.Select_Payment_On_Customer_Query" name="Click_On_Select_Product" time="6.523"/>
  <testcase classname="UAT_SIP.Select_Payment_On_Customer_Query" name="Click_On_Query_History" time="9.53"/>
  <testcase classname="UAT_SIP.Select_Payment_On_Customer_Query" name="Match_Payment_Query_will_punched" time="0.514"/>
  <testcase classname="UAT_SIP.Select_ExtendWarranty_On_Customer_Query" name="Click_On_Customer_Query" time="0.207"/>
  <testcase classname="UAT_SIP.Select_ExtendWarranty_On_Customer_Query" name="Click_On_Select_ExtendWarranty" time="6.604"/>
  <testcase classname="UAT_SIP.Select_ExtendWarranty_On_Customer_Query" name="Click_On_Query_History" time="9.62"/>
  <testcase classname="UAT_SIP.Select_ExtendWarranty_On_Customer_Query" name="Match_ExtendWarranty_Query_will_punched" time="0.521"/>
  <testcase classname="UAT_SIP.Select_MarutiInsurance_On_Customer_Query" name="Click_On_Customer_Query" time="0.141"/>
  <testcase classname="UAT_SIP.Select_MarutiInsurance_On_Customer_Query" name="Click_On_Select_MarutiInsurance" time="6.547"/>
  <testcase classname="UAT_SIP.Select_MarutiInsurance_On_Customer_Query" name="Click_On_Query_History" time="9.554"/>
  <testcase classname="UAT_SIP.Select_MarutiInsurance_On_Customer_Query" name="Match_ExtendWarranty_Query_will_punched" time="0.515"/>
  <testcase classname="UAT_SIP.Select_LoyalityCard_On_Customer_Query" name="Click_On_Customer_Query" time="0.146"/>
  <testcase classname="UAT_SIP.Select_LoyalityCard_On_Customer_Query" name="Click_On_Select_LoyalityCard" time="6.671"/>
  <testcase classname="UAT_SIP.Select_LoyalityCard_On_Customer_Query" name="Click_On_Query_History" time="9.678"/>
  <testcase classname="UAT_SIP.Select_LoyalityCard_On_Customer_Query" name="Match_ExtendWarranty_Query_will_punched" time="0.525"/>
</testsuite> <!-- UAT_SIP -->
