<?xml version="1.0" encoding="UTF-8"?>
<!-- Generated by org.testng.reporters.JUnitXMLReporter -->
<testsuite ignored="0" hostname="DESKTOP-7SBKKJ1" failures="2" tests="26" name="SIP" time="76.383" errors="0" timestamp="2025-02-20T17:16:13 IST">
  <testcase classname="SIP.Invalid_MSPIN" name="MSPIN" time="0.265"/>
  <testcase classname="SIP.Invalid_MSPIN" name="SendOTP" time="0.225"/>
  <testcase classname="SIP.Invalid_MSPIN" name="TestMSPIN" time="0.21"/>
  <testcase classname="SIP.Invalid_MSPIN" name="Captcha" time="0.463"/>
  <testcase classname="SIP.Invalid_MSPIN" name="VerifyCaptcha" time="1.349"/>
  <testcase classname="SIP.Invalid_Captcha" name="MSPIN" time="1.917"/>
  <testcase classname="SIP.Invalid_Captcha" name="SendOTP" time="0.251"/>
  <testcase classname="SIP.Invalid_Captcha" name="Captcha" time="0.321"/>
  <testcase classname="SIP.Invalid_Captcha" name="VerifyCaptcha" time="0.34"/>
  <testcase classname="SIP.Invalid_OTP" name="MSPIN" time="0.39"/>
  <testcase classname="SIP.Invalid_OTP" name="SendOTP" time="0.222"/>
  <testcase classname="SIP.Invalid_OTP" name="Captcha" time="0.312"/>
  <testcase classname="SIP.Invalid_OTP" name="VerifyCaptcha" time="0.164"/>
  <testcase classname="SIP.Invalid_OTP" name="OTP" time="0.792"/>
  <testcase classname="SIP.Invalid_OTP" name="click_On_Login" time="0.885"/>
  <testcase classname="SIP.MSIL_Login" name="Click_On_MSIL_User" time="0.27"/>
  <testcase classname="SIP.MSIL_Login" name="Click_On_Window_Credentials" time="0.214"/>
  <testcase classname="SIP.MSIL_Login" name="Login_with_UserID_Password" time="22.352"/>
  <testcase classname="SIP.MSIL_Login" name="Click_On_SIP" time="11.846">
    <failure type="java.lang.AssertionError" message="Test Failed: Wrong Booking list Url after MSIL Login">
      <![CDATA[java.lang.AssertionError: Test Failed: Wrong Booking list Url after MSIL Login
at SIP.MSIL_Login.Click_On_SIP(MSIL_Login.java:98)
at java.base/java.util.ArrayList.forEach(ArrayList.java:1597)
... Removed 26 stack frames]]>
    </failure>
  </testcase> <!-- Click_On_SIP -->
  <testcase classname="SIP.Login_Valid_MSPIN" name="MSPIN" time="0.193"/>
  <testcase classname="SIP.Login_Valid_MSPIN" name="SendOTP" time="0.199"/>
  <testcase classname="SIP.Login_Valid_MSPIN" name="TestMSPIN" time="0.158"/>
  <testcase classname="SIP.Login_Valid_MSPIN" name="Captcha" time="0.501"/>
  <testcase classname="SIP.Login_Valid_MSPIN" name="VerifyCaptcha" time="0.186"/>
  <testcase classname="SIP.Login_Valid_MSPIN" name="OTP" time="16.095">
    <failure type="java.lang.AssertionError" message="OTP field is not writable. Test Failed!">
      <![CDATA[java.lang.AssertionError: OTP field is not writable. Test Failed!
at SIP.Login_Valid_MSPIN.OTP(Login_Valid_MSPIN.java:123)
at java.base/java.util.ArrayList.forEach(ArrayList.java:1597)
... Removed 26 stack frames]]>
    </failure>
  </testcase> <!-- OTP -->
  <testcase classname="SIP.Login_Valid_MSPIN" name="click_On_Login" time="0.0">
    <skipped/>
  </testcase> <!-- click_On_Login -->
</testsuite> <!-- SIP -->
