<?xml version="1.0" encoding="UTF-8"?>
<!-- Generated by org.testng.reporters.JUnitXMLReporter -->
<testsuite ignored="0" hostname="DESKTOP-7SBKKJ1" failures="1" tests="22" name="SIP" time="34.923" errors="0" timestamp="2025-02-21T11:44:45 IST">
  <testcase classname="SIP.Invalid_MSPIN" name="MSPIN" time="0.266"/>
  <testcase classname="SIP.Invalid_MSPIN" name="SendOTP" time="0.251"/>
  <testcase classname="SIP.Invalid_MSPIN" name="TestMSPIN" time="0.173"/>
  <testcase classname="SIP.Invalid_MSPIN" name="Captcha" time="0.329"/>
  <testcase classname="SIP.Invalid_MSPIN" name="VerifyCaptcha" time="1.105"/>
  <testcase classname="SIP.Invalid_Captcha" name="MSPIN" time="1.84"/>
  <testcase classname="SIP.Invalid_Captcha" name="SendOTP" time="0.214"/>
  <testcase classname="SIP.Invalid_Captcha" name="Captcha" time="0.301"/>
  <testcase classname="SIP.Invalid_Captcha" name="VerifyCaptcha" time="0.316"/>
  <testcase classname="SIP.Invalid_OTP" name="MSPIN" time="0.357"/>
  <testcase classname="SIP.Invalid_OTP" name="SendOTP" time="0.221"/>
  <testcase classname="SIP.Invalid_OTP" name="Captcha" time="0.317"/>
  <testcase classname="SIP.Invalid_OTP" name="VerifyCaptcha" time="0.178"/>
  <testcase classname="SIP.Invalid_OTP" name="OTP" time="0.869"/>
  <testcase classname="SIP.Invalid_OTP" name="click_On_Login" time="0.783"/>
  <testcase classname="SIP.Login_Valid_MSPIN" name="MSPIN" time="0.201"/>
  <testcase classname="SIP.Login_Valid_MSPIN" name="SendOTP" time="0.215"/>
  <testcase classname="SIP.Login_Valid_MSPIN" name="TestMSPIN" time="0.195"/>
  <testcase classname="SIP.Login_Valid_MSPIN" name="Captcha" time="0.362"/>
  <testcase classname="SIP.Login_Valid_MSPIN" name="VerifyCaptcha" time="0.218"/>
  <testcase classname="SIP.Login_Valid_MSPIN" name="OTP" time="16.117">
    <failure type="java.lang.AssertionError" message="OTP field is not writable. Test Failed!">
      <![CDATA[java.lang.AssertionError: OTP field is not writable. Test Failed!
at SIP.Login_Valid_MSPIN.OTP(Login_Valid_MSPIN.java:123)
at java.base/java.util.ArrayList.forEach(ArrayList.java:1597)
... Removed 26 stack frames]]>
    </failure>
  </testcase> <!-- OTP -->
  <testcase classname="SIP.Login_Valid_MSPIN" name="click_On_Login" time="0.0">
    <skipped/>
  </testcase> <!-- click_On_Login -->
</testsuite> <!-- SIP -->
