<?xml version="1.0" encoding="UTF-8"?>
<!-- Generated by org.testng.reporters.JUnitXMLReporter -->
<testsuite ignored="0" hostname="DESKTOP-7SBKKJ1" failures="2" tests="26" name="SIP2" time="63.454" errors="0" timestamp="2025-02-20T15:28:15 IST">
  <testcase classname="SIP2.Invalid_MSPIN" name="MSPIN" time="0.156"/>
  <testcase classname="SIP2.Invalid_MSPIN" name="SendOTP" time="0.114"/>
  <testcase classname="SIP2.Invalid_MSPIN" name="TestMSPIN" time="0.089"/>
  <testcase classname="SIP2.Invalid_MSPIN" name="Captcha" time="0.444"/>
  <testcase classname="SIP2.Invalid_MSPIN" name="VerifyCaptcha" time="1.338"/>
  <testcase classname="SIP2.Invalid_Captcha" name="MSPIN" time="1.56"/>
  <testcase classname="SIP2.Invalid_Captcha" name="SendOTP" time="0.089"/>
  <testcase classname="SIP2.Invalid_Captcha" name="Captcha" time="0.159"/>
  <testcase classname="SIP2.Invalid_Captcha" name="VerifyCaptcha" time="0.177"/>
  <testcase classname="SIP2.Invalid_OTP" name="MSPIN" time="0.188"/>
  <testcase classname="SIP2.Invalid_OTP" name="SendOTP" time="0.095"/>
  <testcase classname="SIP2.Invalid_OTP" name="Captcha" time="0.203"/>
  <testcase classname="SIP2.Invalid_OTP" name="VerifyCaptcha" time="0.076"/>
  <testcase classname="SIP2.Invalid_OTP" name="OTP" time="0.921"/>
  <testcase classname="SIP2.Invalid_OTP" name="click_On_Login" time="1.22"/>
  <testcase classname="SIP2.MSIL_Login" name="Click_On_MSIL_User" time="0.176"/>
  <testcase classname="SIP2.MSIL_Login" name="Click_On_Window_Credentials" time="0.12"/>
  <testcase classname="SIP2.MSIL_Login" name="Login_with_UserID_Password" time="19.092"/>
  <testcase classname="SIP2.MSIL_Login" name="Click_On_SIP" time="11.468">
    <failure type="java.lang.AssertionError" message="Test Failed: Wrong Booking list Url after MSIL Login">
      <![CDATA[java.lang.AssertionError: Test Failed: Wrong Booking list Url after MSIL Login
at SIP2.MSIL_Login.Click_On_SIP(MSIL_Login.java:98)
at java.base/java.util.ArrayList.forEach(ArrayList.java:1597)
... Removed 26 stack frames]]>
    </failure>
  </testcase> <!-- Click_On_SIP -->
  <testcase classname="SIP2.Login_Valid_MSPIN" name="MSPIN" time="1.68"/>
  <testcase classname="SIP2.Login_Valid_MSPIN" name="SendOTP" time="0.116"/>
  <testcase classname="SIP2.Login_Valid_MSPIN" name="TestMSPIN" time="0.076"/>
  <testcase classname="SIP2.Login_Valid_MSPIN" name="Captcha" time="0.076"/>
  <testcase classname="SIP2.Login_Valid_MSPIN" name="VerifyCaptcha" time="0.085"/>
  <testcase classname="SIP2.Login_Valid_MSPIN" name="OTP" time="16.011">
    <failure type="java.lang.AssertionError" message="OTP field is not writable. Test Failed!">
      <![CDATA[java.lang.AssertionError: OTP field is not writable. Test Failed!
at SIP2.Login_Valid_MSPIN.OTP(Login_Valid_MSPIN.java:129)
at java.base/java.util.ArrayList.forEach(ArrayList.java:1597)
... Removed 26 stack frames]]>
    </failure>
  </testcase> <!-- OTP -->
  <testcase classname="SIP2.Login_Valid_MSPIN" name="click_On_Login" time="0.0">
    <skipped/>
  </testcase> <!-- click_On_Login -->
</testsuite> <!-- SIP2 -->
